
[16-Mar-2017 09:56:22 Asia/Shanghai] enter task
[16-Mar-2017 09:56:22 Asia/Shanghai] check user okay
[16-Mar-2017 09:56:22 Asia/Shanghai] after allot
[16-Mar-2017 09:56:23 Asia/Shanghai] enter task
[16-Mar-2017 09:56:23 Asia/Shanghai] check user okay
[16-Mar-2017 09:56:23 Asia/Shanghai] after allot
[16-Mar-2017 09:56:24 Asia/Shanghai] enter task
[16-Mar-2017 09:56:24 Asia/Shanghai] check user okay
[16-Mar-2017 09:56:24 Asia/Shanghai] after allot
[16-Mar-2017 09:56:25 Asia/Shanghai] enter task
[16-Mar-2017 09:56:25 Asia/Shanghai] check user okay
[16-Mar-2017 09:56:25 Asia/Shanghai] after allot
[16-Mar-2017 09:56:26 Asia/Shanghai] enter task
[16-Mar-2017 09:56:26 Asia/Shanghai] check user okay
[16-Mar-2017 09:56:26 Asia/Shanghai] after allot
[16-Mar-2017 09:56:27 Asia/Shanghai] enter task
[16-Mar-2017 09:56:27 Asia/Shanghai] check user okay
[16-Mar-2017 09:56:27 Asia/Shanghai] after allot
[16-Mar-2017 09:56:29 Asia/Shanghai] enter task
[16-Mar-2017 09:56:29 Asia/Shanghai] check user okay
[16-Mar-2017 09:56:29 Asia/Shanghai] after allot
[16-Mar-2017 09:56:31 Asia/Shanghai] enter task
[16-Mar-2017 09:56:31 Asia/Shanghai] check user okay
[16-Mar-2017 09:56:31 Asia/Shanghai] after allot
[16-Mar-2017 09:56:31 Asia/Shanghai] enter task
[16-Mar-2017 09:56:31 Asia/Shanghai] check user okay
[16-Mar-2017 09:56:31 Asia/Shanghai] after allot
[16-Mar-2017 09:56:32 Asia/Shanghai] enter task
[16-Mar-2017 09:56:32 Asia/Shanghai] check user okay
[16-Mar-2017 09:56:32 Asia/Shanghai] after allot
[16-Mar-2017 09:56:33 Asia/Shanghai] enter task
[16-Mar-2017 09:56:33 Asia/Shanghai] check user okay
[16-Mar-2017 09:56:33 Asia/Shanghai] after allot
[16-Mar-2017 09:56:36 Asia/Shanghai] enter task
[16-Mar-2017 09:56:36 Asia/Shanghai] check user okay
[16-Mar-2017 09:56:36 Asia/Shanghai] after allot
[16-Mar-2017 09:56:37 Asia/Shanghai] enter task
[16-Mar-2017 09:56:37 Asia/Shanghai] check user okay
[16-Mar-2017 09:56:37 Asia/Shanghai] after allot
[16-Mar-2017 09:56:38 Asia/Shanghai] enter task
[16-Mar-2017 09:56:38 Asia/Shanghai] check user okay
[16-Mar-2017 09:56:38 Asia/Shanghai] after allot
[16-Mar-2017 09:56:41 Asia/Shanghai] enter task
[16-Mar-2017 09:56:41 Asia/Shanghai] check user okay
[16-Mar-2017 09:56:41 Asia/Shanghai] after allot
[16-Mar-2017 09:56:41 Asia/Shanghai] enter task
[16-Mar-2017 09:56:41 Asia/Shanghai] check user okay
[16-Mar-2017 09:56:41 Asia/Shanghai] after allot
[16-Mar-2017 09:56:42 Asia/Shanghai] enter task
[16-Mar-2017 09:56:42 Asia/Shanghai] check user okay
[16-Mar-2017 09:56:42 Asia/Shanghai] after allot
[16-Mar-2017 09:56:42 Asia/Shanghai] enter task
[16-Mar-2017 09:56:42 Asia/Shanghai] check user okay
[16-Mar-2017 09:56:42 Asia/Shanghai] after allot
[16-Mar-2017 09:56:45 Asia/Shanghai] enter task
[16-Mar-2017 09:56:45 Asia/Shanghai] check user okay
[16-Mar-2017 09:56:45 Asia/Shanghai] after allot
[16-Mar-2017 09:56:47 Asia/Shanghai] enter task
[16-Mar-2017 09:56:47 Asia/Shanghai] check user okay
[16-Mar-2017 09:56:47 Asia/Shanghai] after allot
[16-Mar-2017 09:56:50 Asia/Shanghai] enter task
[16-Mar-2017 09:56:50 Asia/Shanghai] check user okay
[16-Mar-2017 09:56:50 Asia/Shanghai] after allot
[16-Mar-2017 09:56:51 Asia/Shanghai] enter task
[16-Mar-2017 09:56:51 Asia/Shanghai] check user okay
[16-Mar-2017 09:56:51 Asia/Shanghai] after allot
[16-Mar-2017 09:56:54 Asia/Shanghai] enter task
[16-Mar-2017 09:56:54 Asia/Shanghai] check user okay
[16-Mar-2017 09:56:54 Asia/Shanghai] after allot
[16-Mar-2017 09:56:55 Asia/Shanghai] enter task
[16-Mar-2017 09:56:55 Asia/Shanghai] check user okay
[16-Mar-2017 09:56:55 Asia/Shanghai] after allot
[16-Mar-2017 09:56:56 Asia/Shanghai] enter task
[16-Mar-2017 09:56:56 Asia/Shanghai] check user okay
[16-Mar-2017 09:56:56 Asia/Shanghai] after allot
[16-Mar-2017 09:56:57 Asia/Shanghai] enter task
[16-Mar-2017 09:56:57 Asia/Shanghai] check user okay
[16-Mar-2017 09:56:57 Asia/Shanghai] after allot
[16-Mar-2017 09:57:01 Asia/Shanghai] enter task
[16-Mar-2017 09:57:01 Asia/Shanghai] check user okay
[16-Mar-2017 09:57:01 Asia/Shanghai] after allot
[16-Mar-2017 09:57:01 Asia/Shanghai] enter task
[16-Mar-2017 09:57:01 Asia/Shanghai] check user okay
[16-Mar-2017 09:57:01 Asia/Shanghai] after allot
[16-Mar-2017 09:57:02 Asia/Shanghai] enter task
[16-Mar-2017 09:57:02 Asia/Shanghai] check user okay
[16-Mar-2017 09:57:02 Asia/Shanghai] after allot
[16-Mar-2017 09:57:03 Asia/Shanghai] enter task
[16-Mar-2017 09:57:03 Asia/Shanghai] check user okay
[16-Mar-2017 09:57:03 Asia/Shanghai] after allot
[16-Mar-2017 09:57:05 Asia/Shanghai] enter task
[16-Mar-2017 09:57:05 Asia/Shanghai] check user okay
[16-Mar-2017 09:57:05 Asia/Shanghai] after allot
[16-Mar-2017 09:57:06 Asia/Shanghai] enter task
[16-Mar-2017 09:57:06 Asia/Shanghai] check user okay
[16-Mar-2017 09:57:06 Asia/Shanghai] after allot
[16-Mar-2017 09:57:07 Asia/Shanghai] enter task
[16-Mar-2017 09:57:07 Asia/Shanghai] check user okay
[16-Mar-2017 09:57:07 Asia/Shanghai] after allot
[16-Mar-2017 09:57:08 Asia/Shanghai] enter task
[16-Mar-2017 09:57:08 Asia/Shanghai] check user okay
[16-Mar-2017 09:57:08 Asia/Shanghai] after allot
[16-Mar-2017 09:57:09 Asia/Shanghai] enter task
[16-Mar-2017 09:57:09 Asia/Shanghai] check user okay
[16-Mar-2017 09:57:09 Asia/Shanghai] after allot
[16-Mar-2017 09:57:10 Asia/Shanghai] enter task
[16-Mar-2017 09:57:10 Asia/Shanghai] check user okay
[16-Mar-2017 09:57:10 Asia/Shanghai] after allot
[16-Mar-2017 09:57:11 Asia/Shanghai] enter task
[16-Mar-2017 09:57:11 Asia/Shanghai] check user okay
[16-Mar-2017 09:57:11 Asia/Shanghai] after allot
[16-Mar-2017 09:57:12 Asia/Shanghai] enter task
[16-Mar-2017 09:57:12 Asia/Shanghai] check user okay
[16-Mar-2017 09:57:12 Asia/Shanghai] after allot
[16-Mar-2017 09:57:14 Asia/Shanghai] enter task
[16-Mar-2017 09:57:14 Asia/Shanghai] check user okay
[16-Mar-2017 09:57:14 Asia/Shanghai] after allot
[16-Mar-2017 09:57:15 Asia/Shanghai] enter task
[16-Mar-2017 09:57:15 Asia/Shanghai] check user okay
[16-Mar-2017 09:57:15 Asia/Shanghai] after allot
[16-Mar-2017 09:57:16 Asia/Shanghai] enter task
[16-Mar-2017 09:57:16 Asia/Shanghai] check user okay
[16-Mar-2017 09:57:16 Asia/Shanghai] after allot
[16-Mar-2017 09:57:19 Asia/Shanghai] enter task
[16-Mar-2017 09:57:19 Asia/Shanghai] check user okay
[16-Mar-2017 09:57:19 Asia/Shanghai] after allot
[16-Mar-2017 09:57:21 Asia/Shanghai] enter task
[16-Mar-2017 09:57:21 Asia/Shanghai] check user okay
[16-Mar-2017 09:57:21 Asia/Shanghai] after allot
[16-Mar-2017 09:57:21 Asia/Shanghai] enter task
[16-Mar-2017 09:57:21 Asia/Shanghai] check user okay
[16-Mar-2017 09:57:21 Asia/Shanghai] after allot
[16-Mar-2017 09:57:23 Asia/Shanghai] enter task
[16-Mar-2017 09:57:23 Asia/Shanghai] check user okay
[16-Mar-2017 09:57:23 Asia/Shanghai] after allot
[16-Mar-2017 09:57:24 Asia/Shanghai] enter task
[16-Mar-2017 09:57:24 Asia/Shanghai] check user okay
[16-Mar-2017 09:57:24 Asia/Shanghai] after allot
[16-Mar-2017 09:57:24 Asia/Shanghai] enter task
[16-Mar-2017 09:57:24 Asia/Shanghai] check user okay
[16-Mar-2017 09:57:24 Asia/Shanghai] after allot
[16-Mar-2017 09:57:25 Asia/Shanghai] enter task
[16-Mar-2017 09:57:25 Asia/Shanghai] check user okay
[16-Mar-2017 09:57:25 Asia/Shanghai] after allot
[16-Mar-2017 09:57:26 Asia/Shanghai] enter task
[16-Mar-2017 09:57:26 Asia/Shanghai] check user okay
[16-Mar-2017 09:57:26 Asia/Shanghai] after allot
[16-Mar-2017 09:57:28 Asia/Shanghai] enter task
[16-Mar-2017 09:57:28 Asia/Shanghai] check user okay
[16-Mar-2017 09:57:28 Asia/Shanghai] after allot
[16-Mar-2017 09:57:30 Asia/Shanghai] enter task
[16-Mar-2017 09:57:30 Asia/Shanghai] check user okay
[16-Mar-2017 09:57:30 Asia/Shanghai] after allot
[16-Mar-2017 09:57:31 Asia/Shanghai] enter task
[16-Mar-2017 09:57:31 Asia/Shanghai] check user okay
[16-Mar-2017 09:57:31 Asia/Shanghai] after allot
[16-Mar-2017 09:57:33 Asia/Shanghai] enter task
[16-Mar-2017 09:57:33 Asia/Shanghai] check user okay
[16-Mar-2017 09:57:33 Asia/Shanghai] after allot
[16-Mar-2017 09:57:34 Asia/Shanghai] enter task
[16-Mar-2017 09:57:34 Asia/Shanghai] check user okay
[16-Mar-2017 09:57:34 Asia/Shanghai] after allot
[16-Mar-2017 09:57:35 Asia/Shanghai] enter task
[16-Mar-2017 09:57:35 Asia/Shanghai] check user okay
[16-Mar-2017 09:57:35 Asia/Shanghai] after allot
[16-Mar-2017 09:57:38 Asia/Shanghai] enter task
[16-Mar-2017 09:57:38 Asia/Shanghai] check user okay
[16-Mar-2017 09:57:38 Asia/Shanghai] after allot
[16-Mar-2017 09:57:39 Asia/Shanghai] enter task
[16-Mar-2017 09:57:39 Asia/Shanghai] check user okay
[16-Mar-2017 09:57:39 Asia/Shanghai] after allot
[16-Mar-2017 09:57:40 Asia/Shanghai] enter task
[16-Mar-2017 09:57:40 Asia/Shanghai] check user okay
[16-Mar-2017 09:57:40 Asia/Shanghai] after allot
[16-Mar-2017 09:57:42 Asia/Shanghai] enter task
[16-Mar-2017 09:57:42 Asia/Shanghai] check user okay
[16-Mar-2017 09:57:42 Asia/Shanghai] after allot
[16-Mar-2017 09:57:43 Asia/Shanghai] enter task
[16-Mar-2017 09:57:43 Asia/Shanghai] check user okay
[16-Mar-2017 09:57:43 Asia/Shanghai] after allot
[16-Mar-2017 09:57:44 Asia/Shanghai] enter task
[16-Mar-2017 09:57:44 Asia/Shanghai] check user okay
[16-Mar-2017 09:57:44 Asia/Shanghai] after allot
[16-Mar-2017 09:57:47 Asia/Shanghai] enter task
[16-Mar-2017 09:57:47 Asia/Shanghai] check user okay
[16-Mar-2017 09:57:47 Asia/Shanghai] after allot
[16-Mar-2017 09:57:48 Asia/Shanghai] enter task
[16-Mar-2017 09:57:48 Asia/Shanghai] check user okay
[16-Mar-2017 09:57:48 Asia/Shanghai] after allot
[16-Mar-2017 09:57:48 Asia/Shanghai] enter task
[16-Mar-2017 09:57:48 Asia/Shanghai] check user okay
[16-Mar-2017 09:57:48 Asia/Shanghai] after allot
[16-Mar-2017 09:57:50 Asia/Shanghai] enter task
[16-Mar-2017 09:57:50 Asia/Shanghai] check user okay
[16-Mar-2017 09:57:50 Asia/Shanghai] after allot
[16-Mar-2017 09:57:52 Asia/Shanghai] enter task
[16-Mar-2017 09:57:52 Asia/Shanghai] check user okay
[16-Mar-2017 09:57:52 Asia/Shanghai] after allot
[16-Mar-2017 09:57:52 Asia/Shanghai] enter task
[16-Mar-2017 09:57:52 Asia/Shanghai] check user okay
[16-Mar-2017 09:57:52 Asia/Shanghai] after allot
[16-Mar-2017 09:57:53 Asia/Shanghai] enter task
[16-Mar-2017 09:57:53 Asia/Shanghai] check user okay
[16-Mar-2017 09:57:53 Asia/Shanghai] after allot
[16-Mar-2017 09:57:54 Asia/Shanghai] enter task
[16-Mar-2017 09:57:54 Asia/Shanghai] check user okay
[16-Mar-2017 09:57:54 Asia/Shanghai] after allot
[16-Mar-2017 09:57:56 Asia/Shanghai] enter task
[16-Mar-2017 09:57:56 Asia/Shanghai] check user okay
[16-Mar-2017 09:57:56 Asia/Shanghai] after allot
[16-Mar-2017 09:57:57 Asia/Shanghai] enter task
[16-Mar-2017 09:57:57 Asia/Shanghai] check user okay
[16-Mar-2017 09:57:57 Asia/Shanghai] after allot
[16-Mar-2017 09:57:57 Asia/Shanghai] enter task
[16-Mar-2017 09:57:57 Asia/Shanghai] check user okay
[16-Mar-2017 09:57:57 Asia/Shanghai] after allot
[16-Mar-2017 09:58:01 Asia/Shanghai] enter task
[16-Mar-2017 09:58:01 Asia/Shanghai] check user okay
[16-Mar-2017 09:58:01 Asia/Shanghai] after allot
[16-Mar-2017 09:58:01 Asia/Shanghai] enter task
[16-Mar-2017 09:58:01 Asia/Shanghai] check user okay
[16-Mar-2017 09:58:01 Asia/Shanghai] after allot
[16-Mar-2017 09:58:01 Asia/Shanghai] enter task
[16-Mar-2017 09:58:01 Asia/Shanghai] check user okay
[16-Mar-2017 09:58:01 Asia/Shanghai] after allot
[16-Mar-2017 09:58:04 Asia/Shanghai] enter task
[16-Mar-2017 09:58:04 Asia/Shanghai] check user okay
[16-Mar-2017 09:58:04 Asia/Shanghai] after allot
[16-Mar-2017 09:58:06 Asia/Shanghai] enter task
[16-Mar-2017 09:58:06 Asia/Shanghai] check user okay
[16-Mar-2017 09:58:06 Asia/Shanghai] after allot
[16-Mar-2017 09:58:06 Asia/Shanghai] enter task
[16-Mar-2017 09:58:06 Asia/Shanghai] check user okay
[16-Mar-2017 09:58:06 Asia/Shanghai] after allot
[16-Mar-2017 09:58:07 Asia/Shanghai] enter task
[16-Mar-2017 09:58:07 Asia/Shanghai] check user okay
[16-Mar-2017 09:58:07 Asia/Shanghai] after allot
[16-Mar-2017 09:58:09 Asia/Shanghai] enter task
[16-Mar-2017 09:58:09 Asia/Shanghai] check user okay
[16-Mar-2017 09:58:09 Asia/Shanghai] after allot
[16-Mar-2017 09:58:12 Asia/Shanghai] enter task
[16-Mar-2017 09:58:12 Asia/Shanghai] check user okay
[16-Mar-2017 09:58:12 Asia/Shanghai] after allot
[16-Mar-2017 09:58:15 Asia/Shanghai] enter task
[16-Mar-2017 09:58:15 Asia/Shanghai] check user okay
[16-Mar-2017 09:58:15 Asia/Shanghai] after allot
[16-Mar-2017 09:58:16 Asia/Shanghai] enter task
[16-Mar-2017 09:58:16 Asia/Shanghai] check user okay
[16-Mar-2017 09:58:16 Asia/Shanghai] after allot
[16-Mar-2017 09:58:16 Asia/Shanghai] enter task
[16-Mar-2017 09:58:16 Asia/Shanghai] check user okay
[16-Mar-2017 09:58:16 Asia/Shanghai] after allot
[16-Mar-2017 09:58:19 Asia/Shanghai] enter task
[16-Mar-2017 09:58:20 Asia/Shanghai] check user okay
[16-Mar-2017 09:58:20 Asia/Shanghai] after allot
[16-Mar-2017 09:58:20 Asia/Shanghai] enter task
[16-Mar-2017 09:58:20 Asia/Shanghai] check user okay
[16-Mar-2017 09:58:20 Asia/Shanghai] after allot
[16-Mar-2017 09:58:21 Asia/Shanghai] enter task
[16-Mar-2017 09:58:21 Asia/Shanghai] check user okay
[16-Mar-2017 09:58:21 Asia/Shanghai] after allot
[16-Mar-2017 09:58:21 Asia/Shanghai] enter task
[16-Mar-2017 09:58:21 Asia/Shanghai] check user okay
[16-Mar-2017 09:58:21 Asia/Shanghai] after allot
[16-Mar-2017 09:58:24 Asia/Shanghai] enter task
[16-Mar-2017 09:58:24 Asia/Shanghai] check user okay
[16-Mar-2017 09:58:24 Asia/Shanghai] after allot
[16-Mar-2017 09:58:24 Asia/Shanghai] enter task
[16-Mar-2017 09:58:24 Asia/Shanghai] check user okay
[16-Mar-2017 09:58:24 Asia/Shanghai] after allot
[16-Mar-2017 09:58:25 Asia/Shanghai] enter task
[16-Mar-2017 09:58:25 Asia/Shanghai] check user okay
[16-Mar-2017 09:58:25 Asia/Shanghai] after allot
[16-Mar-2017 09:58:26 Asia/Shanghai] enter task
[16-Mar-2017 09:58:26 Asia/Shanghai] check user okay
[16-Mar-2017 09:58:26 Asia/Shanghai] after allot
[16-Mar-2017 09:58:26 Asia/Shanghai] enter task
[16-Mar-2017 09:58:26 Asia/Shanghai] check user okay
[16-Mar-2017 09:58:26 Asia/Shanghai] after allot
[16-Mar-2017 09:58:29 Asia/Shanghai] enter task
[16-Mar-2017 09:58:29 Asia/Shanghai] check user okay
[16-Mar-2017 09:58:29 Asia/Shanghai] after allot
[16-Mar-2017 09:58:30 Asia/Shanghai] enter task
[16-Mar-2017 09:58:30 Asia/Shanghai] check user okay
[16-Mar-2017 09:58:30 Asia/Shanghai] after allot
[16-Mar-2017 09:58:33 Asia/Shanghai] enter task
[16-Mar-2017 09:58:33 Asia/Shanghai] check user okay
[16-Mar-2017 09:58:33 Asia/Shanghai] after allot
[16-Mar-2017 09:58:35 Asia/Shanghai] enter task
[16-Mar-2017 09:58:35 Asia/Shanghai] check user okay
[16-Mar-2017 09:58:35 Asia/Shanghai] after allot
[16-Mar-2017 09:58:35 Asia/Shanghai] enter task
[16-Mar-2017 09:58:35 Asia/Shanghai] check user okay
[16-Mar-2017 09:58:35 Asia/Shanghai] after allot
[16-Mar-2017 09:58:37 Asia/Shanghai] enter task
[16-Mar-2017 09:58:37 Asia/Shanghai] check user okay
[16-Mar-2017 09:58:37 Asia/Shanghai] after allot
[16-Mar-2017 09:58:38 Asia/Shanghai] enter task
[16-Mar-2017 09:58:38 Asia/Shanghai] check user okay
[16-Mar-2017 09:58:38 Asia/Shanghai] after allot
[16-Mar-2017 09:58:40 Asia/Shanghai] enter task
[16-Mar-2017 09:58:40 Asia/Shanghai] check user okay
[16-Mar-2017 09:58:40 Asia/Shanghai] after allot
[16-Mar-2017 09:58:42 Asia/Shanghai] enter task
[16-Mar-2017 09:58:42 Asia/Shanghai] check user okay
[16-Mar-2017 09:58:42 Asia/Shanghai] after allot
[16-Mar-2017 09:58:45 Asia/Shanghai] enter task
[16-Mar-2017 09:58:45 Asia/Shanghai] check user okay
[16-Mar-2017 09:58:45 Asia/Shanghai] after allot
[16-Mar-2017 09:58:47 Asia/Shanghai] enter task
[16-Mar-2017 09:58:47 Asia/Shanghai] check user okay
[16-Mar-2017 09:58:47 Asia/Shanghai] after allot
[16-Mar-2017 09:58:47 Asia/Shanghai] enter task
[16-Mar-2017 09:58:47 Asia/Shanghai] check user okay
[16-Mar-2017 09:58:47 Asia/Shanghai] strategy list:
[16-Mar-2017 09:58:47 Asia/Shanghai] reset_task_list
[16-Mar-2017 09:58:47 Asia/Shanghai] ++++do ramd_task+++++
[16-Mar-2017 09:58:47 Asia/Shanghai] wash_card:  30
[16-Mar-2017 09:58:47 Asia/Shanghai] my_wash_card: 19
[16-Mar-2017 09:58:47 Asia/Shanghai] my_wash_card: 29
[16-Mar-2017 09:58:47 Asia/Shanghai] my_wash_card: 24
[16-Mar-2017 09:58:47 Asia/Shanghai] my_wash_card: 15
[16-Mar-2017 09:58:47 Asia/Shanghai] my_wash_card: 4
[16-Mar-2017 09:58:47 Asia/Shanghai] my_wash_card: 0
[16-Mar-2017 09:58:47 Asia/Shanghai] my_wash_card: 28
[16-Mar-2017 09:58:47 Asia/Shanghai] my_wash_card: 16
[16-Mar-2017 09:58:47 Asia/Shanghai] my_wash_card: 3
[16-Mar-2017 09:58:47 Asia/Shanghai] my_wash_card: 7
[16-Mar-2017 09:58:47 Asia/Shanghai] my_wash_card: 10
[16-Mar-2017 09:58:47 Asia/Shanghai] my_wash_card: 9
[16-Mar-2017 09:58:47 Asia/Shanghai] my_wash_card: 23
[16-Mar-2017 09:58:47 Asia/Shanghai] my_wash_card: 17
[16-Mar-2017 09:58:47 Asia/Shanghai] my_wash_card: 21
[16-Mar-2017 09:58:47 Asia/Shanghai] my_wash_card: 1
[16-Mar-2017 09:58:47 Asia/Shanghai] my_wash_card: 14
[16-Mar-2017 09:58:47 Asia/Shanghai] my_wash_card: 2
[16-Mar-2017 09:58:47 Asia/Shanghai] my_wash_card: 27
[16-Mar-2017 09:58:47 Asia/Shanghai] my_wash_card: 11
[16-Mar-2017 09:58:47 Asia/Shanghai] my_wash_card: 26
[16-Mar-2017 09:58:47 Asia/Shanghai] my_wash_card: 25
[16-Mar-2017 09:58:47 Asia/Shanghai] my_wash_card: 18
[16-Mar-2017 09:58:47 Asia/Shanghai] my_wash_card: 6
[16-Mar-2017 09:58:47 Asia/Shanghai] my_wash_card: 5
[16-Mar-2017 09:58:47 Asia/Shanghai] my_wash_card: 8
[16-Mar-2017 09:58:47 Asia/Shanghai] my_wash_card: 12
[16-Mar-2017 09:58:47 Asia/Shanghai] my_wash_card: 22
[16-Mar-2017 09:58:47 Asia/Shanghai] my_wash_card: 20
[16-Mar-2017 09:58:47 Asia/Shanghai] my_wash_card: 13
[16-Mar-2017 09:58:47 Asia/Shanghai] reset_task_list3333:
[16-Mar-2017 09:58:47 Asia/Shanghai] ++++do settime++++
[16-Mar-2017 09:58:47 Asia/Shanghai] 600
[16-Mar-2017 09:58:47 Asia/Shanghai] reset_task_list444:
[16-Mar-2017 09:58:47 Asia/Shanghai] task list:
[16-Mar-2017 09:58:47 Asia/Shanghai] enter task
[16-Mar-2017 09:58:47 Asia/Shanghai] check user okay
[16-Mar-2017 09:58:47 Asia/Shanghai] after allot
[16-Mar-2017 09:58:50 Asia/Shanghai] enter task
[16-Mar-2017 09:58:50 Asia/Shanghai] check user okay
[16-Mar-2017 09:58:50 Asia/Shanghai] after allot
[16-Mar-2017 09:58:50 Asia/Shanghai] enter task
[16-Mar-2017 09:58:50 Asia/Shanghai] check user okay
[16-Mar-2017 09:58:50 Asia/Shanghai] after allot
[16-Mar-2017 09:58:51 Asia/Shanghai] enter task
[16-Mar-2017 09:58:51 Asia/Shanghai] check user okay
[16-Mar-2017 09:58:51 Asia/Shanghai] after allot
[16-Mar-2017 09:58:51 Asia/Shanghai] enter task
[16-Mar-2017 09:58:51 Asia/Shanghai] check user okay
[16-Mar-2017 09:58:51 Asia/Shanghai] after allot
[16-Mar-2017 09:58:52 Asia/Shanghai] enter task
[16-Mar-2017 09:58:52 Asia/Shanghai] check user okay
[16-Mar-2017 09:58:52 Asia/Shanghai] after allot
[16-Mar-2017 09:58:55 Asia/Shanghai] enter task
[16-Mar-2017 09:58:55 Asia/Shanghai] check user okay
[16-Mar-2017 09:58:55 Asia/Shanghai] after allot
[16-Mar-2017 09:58:56 Asia/Shanghai] enter task
[16-Mar-2017 09:58:56 Asia/Shanghai] check user okay
[16-Mar-2017 09:58:56 Asia/Shanghai] after allot
[16-Mar-2017 09:58:57 Asia/Shanghai] enter task
[16-Mar-2017 09:58:57 Asia/Shanghai] check user okay
[16-Mar-2017 09:58:57 Asia/Shanghai] after allot
[16-Mar-2017 09:58:58 Asia/Shanghai] enter task
[16-Mar-2017 09:58:58 Asia/Shanghai] check user okay
[16-Mar-2017 09:58:58 Asia/Shanghai] after allot
[16-Mar-2017 09:58:59 Asia/Shanghai] enter task
[16-Mar-2017 09:58:59 Asia/Shanghai] check user okay
[16-Mar-2017 09:58:59 Asia/Shanghai] after allot
[16-Mar-2017 09:58:59 Asia/Shanghai] enter task
[16-Mar-2017 09:58:59 Asia/Shanghai] check user okay
[16-Mar-2017 09:58:59 Asia/Shanghai] after allot
[16-Mar-2017 09:59:00 Asia/Shanghai] enter task
[16-Mar-2017 09:59:00 Asia/Shanghai] check user okay
[16-Mar-2017 09:59:00 Asia/Shanghai] after allot
[16-Mar-2017 09:59:02 Asia/Shanghai] enter task
[16-Mar-2017 09:59:02 Asia/Shanghai] check user okay
[16-Mar-2017 09:59:02 Asia/Shanghai] after allot
[16-Mar-2017 09:59:06 Asia/Shanghai] enter task
[16-Mar-2017 09:59:06 Asia/Shanghai] check user okay
[16-Mar-2017 09:59:06 Asia/Shanghai] after allot
[16-Mar-2017 09:59:07 Asia/Shanghai] enter task
[16-Mar-2017 09:59:07 Asia/Shanghai] check user okay
[16-Mar-2017 09:59:07 Asia/Shanghai] after allot
[16-Mar-2017 09:59:09 Asia/Shanghai] enter task
[16-Mar-2017 09:59:09 Asia/Shanghai] check user okay
[16-Mar-2017 09:59:09 Asia/Shanghai] after allot
[16-Mar-2017 09:59:09 Asia/Shanghai] enter task
[16-Mar-2017 09:59:09 Asia/Shanghai] check user okay
[16-Mar-2017 09:59:09 Asia/Shanghai] after allot
[16-Mar-2017 09:59:13 Asia/Shanghai] enter task
[16-Mar-2017 09:59:13 Asia/Shanghai] check user okay
[16-Mar-2017 09:59:13 Asia/Shanghai] after allot
[16-Mar-2017 09:59:15 Asia/Shanghai] enter task
[16-Mar-2017 09:59:15 Asia/Shanghai] check user okay
[16-Mar-2017 09:59:15 Asia/Shanghai] after allot
[16-Mar-2017 09:59:18 Asia/Shanghai] enter task
[16-Mar-2017 09:59:18 Asia/Shanghai] check user okay
[16-Mar-2017 09:59:18 Asia/Shanghai] after allot
[16-Mar-2017 09:59:18 Asia/Shanghai] enter task
[16-Mar-2017 09:59:18 Asia/Shanghai] check user okay
[16-Mar-2017 09:59:18 Asia/Shanghai] after allot
[16-Mar-2017 09:59:19 Asia/Shanghai] enter task
[16-Mar-2017 09:59:19 Asia/Shanghai] check user okay
[16-Mar-2017 09:59:19 Asia/Shanghai] after allot
[16-Mar-2017 09:59:22 Asia/Shanghai] enter task
[16-Mar-2017 09:59:22 Asia/Shanghai] check user okay
[16-Mar-2017 09:59:22 Asia/Shanghai] after allot
[16-Mar-2017 09:59:23 Asia/Shanghai] enter task
[16-Mar-2017 09:59:23 Asia/Shanghai] check user okay
[16-Mar-2017 09:59:23 Asia/Shanghai] after allot
[16-Mar-2017 09:59:23 Asia/Shanghai] enter task
[16-Mar-2017 09:59:23 Asia/Shanghai] check user okay
[16-Mar-2017 09:59:23 Asia/Shanghai] after allot
[16-Mar-2017 09:59:24 Asia/Shanghai] enter task
[16-Mar-2017 09:59:24 Asia/Shanghai] check user okay
[16-Mar-2017 09:59:24 Asia/Shanghai] after allot
[16-Mar-2017 09:59:25 Asia/Shanghai] enter task
[16-Mar-2017 09:59:25 Asia/Shanghai] check user okay
[16-Mar-2017 09:59:25 Asia/Shanghai] after allot
[16-Mar-2017 09:59:27 Asia/Shanghai] enter task
[16-Mar-2017 09:59:27 Asia/Shanghai] check user okay
[16-Mar-2017 09:59:27 Asia/Shanghai] after allot
[16-Mar-2017 09:59:27 Asia/Shanghai] enter task
[16-Mar-2017 09:59:27 Asia/Shanghai] check user okay
[16-Mar-2017 09:59:27 Asia/Shanghai] after allot
[16-Mar-2017 09:59:29 Asia/Shanghai] enter task
[16-Mar-2017 09:59:29 Asia/Shanghai] check user okay
[16-Mar-2017 09:59:29 Asia/Shanghai] after allot
[16-Mar-2017 09:59:31 Asia/Shanghai] enter task
[16-Mar-2017 09:59:31 Asia/Shanghai] check user okay
[16-Mar-2017 09:59:31 Asia/Shanghai] after allot
[16-Mar-2017 09:59:32 Asia/Shanghai] enter task
[16-Mar-2017 09:59:32 Asia/Shanghai] check user okay
[16-Mar-2017 09:59:32 Asia/Shanghai] after allot
[16-Mar-2017 09:59:32 Asia/Shanghai] enter task
[16-Mar-2017 09:59:32 Asia/Shanghai] check user okay
[16-Mar-2017 09:59:32 Asia/Shanghai] after allot
[16-Mar-2017 09:59:34 Asia/Shanghai] enter task
[16-Mar-2017 09:59:34 Asia/Shanghai] check user okay
[16-Mar-2017 09:59:34 Asia/Shanghai] after allot
[16-Mar-2017 09:59:36 Asia/Shanghai] enter task
[16-Mar-2017 09:59:36 Asia/Shanghai] check user okay
[16-Mar-2017 09:59:36 Asia/Shanghai] after allot
[16-Mar-2017 09:59:36 Asia/Shanghai] enter task
[16-Mar-2017 09:59:36 Asia/Shanghai] check user okay
[16-Mar-2017 09:59:36 Asia/Shanghai] after allot
[16-Mar-2017 09:59:37 Asia/Shanghai] enter task
[16-Mar-2017 09:59:37 Asia/Shanghai] check user okay
[16-Mar-2017 09:59:37 Asia/Shanghai] after allot
[16-Mar-2017 09:59:39 Asia/Shanghai] enter task
[16-Mar-2017 09:59:39 Asia/Shanghai] check user okay
[16-Mar-2017 09:59:39 Asia/Shanghai] after allot
[16-Mar-2017 09:59:41 Asia/Shanghai] enter task
[16-Mar-2017 09:59:41 Asia/Shanghai] check user okay
[16-Mar-2017 09:59:41 Asia/Shanghai] after allot
[16-Mar-2017 09:59:41 Asia/Shanghai] enter task
[16-Mar-2017 09:59:41 Asia/Shanghai] check user okay
[16-Mar-2017 09:59:41 Asia/Shanghai] after allot
[16-Mar-2017 09:59:41 Asia/Shanghai] enter task
[16-Mar-2017 09:59:41 Asia/Shanghai] check user okay
[16-Mar-2017 09:59:41 Asia/Shanghai] after allot
[16-Mar-2017 09:59:46 Asia/Shanghai] enter task
[16-Mar-2017 09:59:46 Asia/Shanghai] check user okay
[16-Mar-2017 09:59:46 Asia/Shanghai] after allot
[16-Mar-2017 09:59:47 Asia/Shanghai] enter task
[16-Mar-2017 09:59:47 Asia/Shanghai] check user okay
[16-Mar-2017 09:59:47 Asia/Shanghai] after allot
[16-Mar-2017 09:59:49 Asia/Shanghai] enter task
[16-Mar-2017 09:59:49 Asia/Shanghai] check user okay
[16-Mar-2017 09:59:49 Asia/Shanghai] after allot
[16-Mar-2017 09:59:50 Asia/Shanghai] enter task
[16-Mar-2017 09:59:50 Asia/Shanghai] check user okay
[16-Mar-2017 09:59:50 Asia/Shanghai] after allot
[16-Mar-2017 09:59:50 Asia/Shanghai] enter task
[16-Mar-2017 09:59:50 Asia/Shanghai] check user okay
[16-Mar-2017 09:59:50 Asia/Shanghai] after allot
[16-Mar-2017 09:59:51 Asia/Shanghai] enter task
[16-Mar-2017 09:59:51 Asia/Shanghai] check user okay
[16-Mar-2017 09:59:51 Asia/Shanghai] after allot
[16-Mar-2017 09:59:51 Asia/Shanghai] enter task
[16-Mar-2017 09:59:51 Asia/Shanghai] check user okay
[16-Mar-2017 09:59:51 Asia/Shanghai] after allot
[16-Mar-2017 09:59:55 Asia/Shanghai] enter task
[16-Mar-2017 09:59:55 Asia/Shanghai] check user okay
[16-Mar-2017 09:59:55 Asia/Shanghai] after allot
[16-Mar-2017 09:59:58 Asia/Shanghai] enter task
[16-Mar-2017 09:59:58 Asia/Shanghai] check user okay
[16-Mar-2017 09:59:58 Asia/Shanghai] after allot
[16-Mar-2017 10:00:00 Asia/Shanghai] enter task
[16-Mar-2017 10:00:00 Asia/Shanghai] check user okay
[16-Mar-2017 10:00:00 Asia/Shanghai] after allot
[16-Mar-2017 10:00:02 Asia/Shanghai] enter task
[16-Mar-2017 10:00:02 Asia/Shanghai] check user okay
[16-Mar-2017 10:00:02 Asia/Shanghai] after allot
[16-Mar-2017 10:00:02 Asia/Shanghai] enter task
[16-Mar-2017 10:00:02 Asia/Shanghai] check user okay
[16-Mar-2017 10:00:02 Asia/Shanghai] after allot
[16-Mar-2017 10:00:03 Asia/Shanghai] enter task
[16-Mar-2017 10:00:03 Asia/Shanghai] check user okay
[16-Mar-2017 10:00:03 Asia/Shanghai] after allot
[16-Mar-2017 10:00:05 Asia/Shanghai] enter task
[16-Mar-2017 10:00:05 Asia/Shanghai] check user okay
[16-Mar-2017 10:00:05 Asia/Shanghai] after allot
[16-Mar-2017 10:00:06 Asia/Shanghai] enter task
[16-Mar-2017 10:00:06 Asia/Shanghai] check user okay
[16-Mar-2017 10:00:06 Asia/Shanghai] after allot
[16-Mar-2017 10:00:07 Asia/Shanghai] enter task
[16-Mar-2017 10:00:07 Asia/Shanghai] check user okay
[16-Mar-2017 10:00:07 Asia/Shanghai] after allot
[16-Mar-2017 10:00:08 Asia/Shanghai] enter task
[16-Mar-2017 10:00:08 Asia/Shanghai] check user okay
[16-Mar-2017 10:00:08 Asia/Shanghai] after allot
[16-Mar-2017 10:00:09 Asia/Shanghai] enter task
[16-Mar-2017 10:00:09 Asia/Shanghai] check user okay
[16-Mar-2017 10:00:09 Asia/Shanghai] after allot
[16-Mar-2017 10:00:12 Asia/Shanghai] enter task
[16-Mar-2017 10:00:12 Asia/Shanghai] check user okay
[16-Mar-2017 10:00:12 Asia/Shanghai] after allot
[16-Mar-2017 10:00:13 Asia/Shanghai] enter task
[16-Mar-2017 10:00:13 Asia/Shanghai] check user okay
[16-Mar-2017 10:00:13 Asia/Shanghai] after allot
[16-Mar-2017 10:00:13 Asia/Shanghai] enter task
[16-Mar-2017 10:00:13 Asia/Shanghai] check user okay
[16-Mar-2017 10:00:13 Asia/Shanghai] after allot
[16-Mar-2017 10:00:14 Asia/Shanghai] enter task
[16-Mar-2017 10:00:14 Asia/Shanghai] check user okay
[16-Mar-2017 10:00:14 Asia/Shanghai] after allot
[16-Mar-2017 10:00:16 Asia/Shanghai] enter task
[16-Mar-2017 10:00:16 Asia/Shanghai] check user okay
[16-Mar-2017 10:00:16 Asia/Shanghai] after allot
[16-Mar-2017 10:00:16 Asia/Shanghai] enter task
[16-Mar-2017 10:00:16 Asia/Shanghai] check user okay
[16-Mar-2017 10:00:16 Asia/Shanghai] after allot
[16-Mar-2017 10:00:20 Asia/Shanghai] enter task
[16-Mar-2017 10:00:20 Asia/Shanghai] check user okay
[16-Mar-2017 10:00:20 Asia/Shanghai] after allot
[16-Mar-2017 10:00:21 Asia/Shanghai] enter task
[16-Mar-2017 10:00:21 Asia/Shanghai] check user okay
[16-Mar-2017 10:00:21 Asia/Shanghai] after allot
[16-Mar-2017 10:00:23 Asia/Shanghai] enter task
[16-Mar-2017 10:00:23 Asia/Shanghai] check user okay
[16-Mar-2017 10:00:23 Asia/Shanghai] after allot
[16-Mar-2017 10:00:25 Asia/Shanghai] enter task
[16-Mar-2017 10:00:25 Asia/Shanghai] check user okay
[16-Mar-2017 10:00:25 Asia/Shanghai] after allot
[16-Mar-2017 10:00:25 Asia/Shanghai] enter task
[16-Mar-2017 10:00:25 Asia/Shanghai] check user okay
[16-Mar-2017 10:00:25 Asia/Shanghai] after allot
[16-Mar-2017 10:00:25 Asia/Shanghai] enter task
[16-Mar-2017 10:00:25 Asia/Shanghai] check user okay
[16-Mar-2017 10:00:25 Asia/Shanghai] after allot
[16-Mar-2017 10:00:25 Asia/Shanghai] enter task
[16-Mar-2017 10:00:25 Asia/Shanghai] check user okay
[16-Mar-2017 10:00:25 Asia/Shanghai] after allot
[16-Mar-2017 10:00:28 Asia/Shanghai] enter task
[16-Mar-2017 10:00:28 Asia/Shanghai] check user okay
[16-Mar-2017 10:00:28 Asia/Shanghai] after allot
[16-Mar-2017 10:00:29 Asia/Shanghai] enter task
[16-Mar-2017 10:00:29 Asia/Shanghai] check user okay
[16-Mar-2017 10:00:29 Asia/Shanghai] after allot
[16-Mar-2017 10:00:30 Asia/Shanghai] enter task
[16-Mar-2017 10:00:30 Asia/Shanghai] check user okay
[16-Mar-2017 10:00:30 Asia/Shanghai] after allot
[16-Mar-2017 10:00:30 Asia/Shanghai] enter task
[16-Mar-2017 10:00:30 Asia/Shanghai] check user okay
[16-Mar-2017 10:00:30 Asia/Shanghai] after allot
[16-Mar-2017 10:00:31 Asia/Shanghai] enter task
[16-Mar-2017 10:00:31 Asia/Shanghai] check user okay
[16-Mar-2017 10:00:31 Asia/Shanghai] after allot
[16-Mar-2017 10:00:32 Asia/Shanghai] enter task
[16-Mar-2017 10:00:32 Asia/Shanghai] check user okay
[16-Mar-2017 10:00:32 Asia/Shanghai] after allot
[16-Mar-2017 10:00:35 Asia/Shanghai] enter task
[16-Mar-2017 10:00:35 Asia/Shanghai] check user okay
[16-Mar-2017 10:00:35 Asia/Shanghai] after allot
[16-Mar-2017 10:00:36 Asia/Shanghai] enter task
[16-Mar-2017 10:00:36 Asia/Shanghai] check user okay
[16-Mar-2017 10:00:36 Asia/Shanghai] after allot
[16-Mar-2017 10:00:37 Asia/Shanghai] enter task
[16-Mar-2017 10:00:37 Asia/Shanghai] check user okay
[16-Mar-2017 10:00:37 Asia/Shanghai] after allot
[16-Mar-2017 10:00:39 Asia/Shanghai] enter task
[16-Mar-2017 10:00:39 Asia/Shanghai] check user okay
[16-Mar-2017 10:00:39 Asia/Shanghai] after allot
[16-Mar-2017 10:00:41 Asia/Shanghai] enter task
[16-Mar-2017 10:00:41 Asia/Shanghai] check user okay
[16-Mar-2017 10:00:41 Asia/Shanghai] after allot
[16-Mar-2017 10:00:41 Asia/Shanghai] enter task
[16-Mar-2017 10:00:41 Asia/Shanghai] check user okay
[16-Mar-2017 10:00:41 Asia/Shanghai] after allot
[16-Mar-2017 10:00:41 Asia/Shanghai] enter task
[16-Mar-2017 10:00:41 Asia/Shanghai] check user okay
[16-Mar-2017 10:00:41 Asia/Shanghai] after allot
[16-Mar-2017 10:00:44 Asia/Shanghai] enter task
[16-Mar-2017 10:00:44 Asia/Shanghai] check user okay
[16-Mar-2017 10:00:44 Asia/Shanghai] after allot
[16-Mar-2017 10:00:45 Asia/Shanghai] enter task
[16-Mar-2017 10:00:45 Asia/Shanghai] check user okay
[16-Mar-2017 10:00:45 Asia/Shanghai] after allot
[16-Mar-2017 10:00:47 Asia/Shanghai] enter task
[16-Mar-2017 10:00:47 Asia/Shanghai] check user okay
[16-Mar-2017 10:00:47 Asia/Shanghai] after allot
[16-Mar-2017 10:00:49 Asia/Shanghai] enter task
[16-Mar-2017 10:00:49 Asia/Shanghai] check user okay
[16-Mar-2017 10:00:49 Asia/Shanghai] after allot
[16-Mar-2017 10:00:50 Asia/Shanghai] enter task
[16-Mar-2017 10:00:50 Asia/Shanghai] check user okay
[16-Mar-2017 10:00:50 Asia/Shanghai] after allot
[16-Mar-2017 10:00:51 Asia/Shanghai] enter task
[16-Mar-2017 10:00:51 Asia/Shanghai] check user okay
[16-Mar-2017 10:00:51 Asia/Shanghai] after allot
[16-Mar-2017 10:00:52 Asia/Shanghai] enter task
[16-Mar-2017 10:00:52 Asia/Shanghai] check user okay
[16-Mar-2017 10:00:52 Asia/Shanghai] after allot
[16-Mar-2017 10:00:54 Asia/Shanghai] enter task
[16-Mar-2017 10:00:54 Asia/Shanghai] check user okay
[16-Mar-2017 10:00:54 Asia/Shanghai] after allot
[16-Mar-2017 10:00:55 Asia/Shanghai] enter task
[16-Mar-2017 10:00:55 Asia/Shanghai] check user okay
[16-Mar-2017 10:00:55 Asia/Shanghai] after allot
[16-Mar-2017 10:00:58 Asia/Shanghai] enter task
[16-Mar-2017 10:00:58 Asia/Shanghai] check user okay
[16-Mar-2017 10:00:58 Asia/Shanghai] after allot
[16-Mar-2017 10:00:59 Asia/Shanghai] enter task
[16-Mar-2017 10:00:59 Asia/Shanghai] check user okay
[16-Mar-2017 10:00:59 Asia/Shanghai] after allot
[16-Mar-2017 10:01:02 Asia/Shanghai] enter task
[16-Mar-2017 10:01:02 Asia/Shanghai] check user okay
[16-Mar-2017 10:01:02 Asia/Shanghai] after allot
[16-Mar-2017 10:01:03 Asia/Shanghai] enter task
[16-Mar-2017 10:01:03 Asia/Shanghai] check user okay
[16-Mar-2017 10:01:03 Asia/Shanghai] after allot
[16-Mar-2017 10:01:04 Asia/Shanghai] enter task
[16-Mar-2017 10:01:04 Asia/Shanghai] check user okay
[16-Mar-2017 10:01:04 Asia/Shanghai] after allot
[16-Mar-2017 10:01:05 Asia/Shanghai] enter task
[16-Mar-2017 10:01:05 Asia/Shanghai] check user okay
[16-Mar-2017 10:01:05 Asia/Shanghai] after allot
[16-Mar-2017 10:01:06 Asia/Shanghai] enter task
[16-Mar-2017 10:01:06 Asia/Shanghai] check user okay
[16-Mar-2017 10:01:06 Asia/Shanghai] after allot
[16-Mar-2017 10:01:07 Asia/Shanghai] enter task
[16-Mar-2017 10:01:07 Asia/Shanghai] check user okay
[16-Mar-2017 10:01:07 Asia/Shanghai] after allot
[16-Mar-2017 10:01:09 Asia/Shanghai] enter task
[16-Mar-2017 10:01:09 Asia/Shanghai] check user okay
[16-Mar-2017 10:01:09 Asia/Shanghai] after allot
[16-Mar-2017 10:01:11 Asia/Shanghai] enter task
[16-Mar-2017 10:01:11 Asia/Shanghai] check user okay
[16-Mar-2017 10:01:11 Asia/Shanghai] after allot
[16-Mar-2017 10:01:12 Asia/Shanghai] enter task
[16-Mar-2017 10:01:12 Asia/Shanghai] check user okay
[16-Mar-2017 10:01:12 Asia/Shanghai] after allot
[16-Mar-2017 10:01:14 Asia/Shanghai] enter task
[16-Mar-2017 10:01:14 Asia/Shanghai] check user okay
[16-Mar-2017 10:01:14 Asia/Shanghai] after allot
[16-Mar-2017 10:01:15 Asia/Shanghai] enter task
[16-Mar-2017 10:01:15 Asia/Shanghai] check user okay
[16-Mar-2017 10:01:15 Asia/Shanghai] after allot
[16-Mar-2017 10:01:15 Asia/Shanghai] enter task
[16-Mar-2017 10:01:15 Asia/Shanghai] check user okay
[16-Mar-2017 10:01:15 Asia/Shanghai] after allot
[16-Mar-2017 10:01:17 Asia/Shanghai] enter task
[16-Mar-2017 10:01:17 Asia/Shanghai] check user okay
[16-Mar-2017 10:01:17 Asia/Shanghai] after allot
[16-Mar-2017 10:01:18 Asia/Shanghai] enter task
[16-Mar-2017 10:01:18 Asia/Shanghai] check user okay
[16-Mar-2017 10:01:18 Asia/Shanghai] after allot
[16-Mar-2017 10:01:20 Asia/Shanghai] enter task
[16-Mar-2017 10:01:20 Asia/Shanghai] check user okay
[16-Mar-2017 10:01:20 Asia/Shanghai] after allot
[16-Mar-2017 10:01:23 Asia/Shanghai] enter task
[16-Mar-2017 10:01:23 Asia/Shanghai] check user okay
[16-Mar-2017 10:01:23 Asia/Shanghai] after allot
[16-Mar-2017 10:01:24 Asia/Shanghai] enter task
[16-Mar-2017 10:01:24 Asia/Shanghai] check user okay
[16-Mar-2017 10:01:24 Asia/Shanghai] after allot
[16-Mar-2017 10:01:25 Asia/Shanghai] enter task
[16-Mar-2017 10:01:25 Asia/Shanghai] check user okay
[16-Mar-2017 10:01:25 Asia/Shanghai] after allot
[16-Mar-2017 10:01:27 Asia/Shanghai] enter task
[16-Mar-2017 10:01:27 Asia/Shanghai] check user okay
[16-Mar-2017 10:01:27 Asia/Shanghai] after allot
[16-Mar-2017 10:01:29 Asia/Shanghai] enter task
[16-Mar-2017 10:01:29 Asia/Shanghai] check user okay
[16-Mar-2017 10:01:29 Asia/Shanghai] after allot
[16-Mar-2017 10:01:29 Asia/Shanghai] enter task
[16-Mar-2017 10:01:29 Asia/Shanghai] check user okay
[16-Mar-2017 10:01:29 Asia/Shanghai] after allot
[16-Mar-2017 10:01:30 Asia/Shanghai] enter task
[16-Mar-2017 10:01:30 Asia/Shanghai] check user okay
[16-Mar-2017 10:01:30 Asia/Shanghai] after allot
[16-Mar-2017 10:01:30 Asia/Shanghai] enter task
[16-Mar-2017 10:01:30 Asia/Shanghai] check user okay
[16-Mar-2017 10:01:30 Asia/Shanghai] after allot
[16-Mar-2017 10:01:33 Asia/Shanghai] enter task
[16-Mar-2017 10:01:33 Asia/Shanghai] check user okay
[16-Mar-2017 10:01:33 Asia/Shanghai] after allot
[16-Mar-2017 10:01:34 Asia/Shanghai] enter task
[16-Mar-2017 10:01:34 Asia/Shanghai] check user okay
[16-Mar-2017 10:01:34 Asia/Shanghai] after allot
[16-Mar-2017 10:01:37 Asia/Shanghai] enter task
[16-Mar-2017 10:01:37 Asia/Shanghai] check user okay
[16-Mar-2017 10:01:37 Asia/Shanghai] after allot
[16-Mar-2017 10:01:38 Asia/Shanghai] enter task
[16-Mar-2017 10:01:38 Asia/Shanghai] check user okay
[16-Mar-2017 10:01:38 Asia/Shanghai] after allot
[16-Mar-2017 10:01:39 Asia/Shanghai] enter task
[16-Mar-2017 10:01:39 Asia/Shanghai] check user okay
[16-Mar-2017 10:01:39 Asia/Shanghai] after allot
[16-Mar-2017 10:01:41 Asia/Shanghai] enter task
[16-Mar-2017 10:01:41 Asia/Shanghai] check user okay
[16-Mar-2017 10:01:41 Asia/Shanghai] after allot
[16-Mar-2017 10:01:44 Asia/Shanghai] enter task
[16-Mar-2017 10:01:44 Asia/Shanghai] check user okay
[16-Mar-2017 10:01:44 Asia/Shanghai] after allot
[16-Mar-2017 10:01:44 Asia/Shanghai] enter task
[16-Mar-2017 10:01:44 Asia/Shanghai] check user okay
[16-Mar-2017 10:01:44 Asia/Shanghai] after allot
[16-Mar-2017 10:01:46 Asia/Shanghai] enter task
[16-Mar-2017 10:01:46 Asia/Shanghai] check user okay
[16-Mar-2017 10:01:46 Asia/Shanghai] after allot
[16-Mar-2017 10:01:47 Asia/Shanghai] enter task
[16-Mar-2017 10:01:47 Asia/Shanghai] check user okay
[16-Mar-2017 10:01:47 Asia/Shanghai] after allot
[16-Mar-2017 10:01:48 Asia/Shanghai] enter task
[16-Mar-2017 10:01:48 Asia/Shanghai] check user okay
[16-Mar-2017 10:01:48 Asia/Shanghai] after allot
[16-Mar-2017 10:01:51 Asia/Shanghai] enter task
[16-Mar-2017 10:01:51 Asia/Shanghai] check user okay
[16-Mar-2017 10:01:51 Asia/Shanghai] after allot
[16-Mar-2017 10:01:53 Asia/Shanghai] enter task
[16-Mar-2017 10:01:53 Asia/Shanghai] check user okay
[16-Mar-2017 10:01:53 Asia/Shanghai] after allot
[16-Mar-2017 10:01:54 Asia/Shanghai] enter task
[16-Mar-2017 10:01:54 Asia/Shanghai] check user okay
[16-Mar-2017 10:01:54 Asia/Shanghai] after allot
[16-Mar-2017 10:01:57 Asia/Shanghai] enter task
[16-Mar-2017 10:01:57 Asia/Shanghai] check user okay
[16-Mar-2017 10:01:57 Asia/Shanghai] after allot
[16-Mar-2017 10:01:58 Asia/Shanghai] enter task
[16-Mar-2017 10:01:58 Asia/Shanghai] check user okay
[16-Mar-2017 10:01:58 Asia/Shanghai] after allot
[16-Mar-2017 10:01:59 Asia/Shanghai] enter task
[16-Mar-2017 10:01:59 Asia/Shanghai] check user okay
[16-Mar-2017 10:01:59 Asia/Shanghai] after allot
[16-Mar-2017 10:01:59 Asia/Shanghai] enter task
[16-Mar-2017 10:01:59 Asia/Shanghai] check user okay
[16-Mar-2017 10:01:59 Asia/Shanghai] after allot
[16-Mar-2017 10:02:02 Asia/Shanghai] enter task
[16-Mar-2017 10:02:02 Asia/Shanghai] check user okay
[16-Mar-2017 10:02:02 Asia/Shanghai] after allot
[16-Mar-2017 10:02:03 Asia/Shanghai] enter task
[16-Mar-2017 10:02:03 Asia/Shanghai] check user okay
[16-Mar-2017 10:02:03 Asia/Shanghai] after allot
[16-Mar-2017 10:02:07 Asia/Shanghai] enter task
[16-Mar-2017 10:02:07 Asia/Shanghai] check user okay
[16-Mar-2017 10:02:07 Asia/Shanghai] after allot
[16-Mar-2017 10:02:07 Asia/Shanghai] enter task
[16-Mar-2017 10:02:07 Asia/Shanghai] check user okay
[16-Mar-2017 10:02:07 Asia/Shanghai] after allot
[16-Mar-2017 10:02:08 Asia/Shanghai] enter task
[16-Mar-2017 10:02:08 Asia/Shanghai] check user okay
[16-Mar-2017 10:02:08 Asia/Shanghai] after allot
[16-Mar-2017 10:02:08 Asia/Shanghai] enter task
[16-Mar-2017 10:02:08 Asia/Shanghai] check user okay
[16-Mar-2017 10:02:08 Asia/Shanghai] after allot
[16-Mar-2017 10:02:08 Asia/Shanghai] enter task
[16-Mar-2017 10:02:08 Asia/Shanghai] check user okay
[16-Mar-2017 10:02:08 Asia/Shanghai] after allot
[16-Mar-2017 10:02:11 Asia/Shanghai] enter task
[16-Mar-2017 10:02:11 Asia/Shanghai] check user okay
[16-Mar-2017 10:02:11 Asia/Shanghai] after allot
[16-Mar-2017 10:02:11 Asia/Shanghai] enter task
[16-Mar-2017 10:02:11 Asia/Shanghai] check user okay
[16-Mar-2017 10:02:11 Asia/Shanghai] after allot
[16-Mar-2017 10:02:12 Asia/Shanghai] enter task
[16-Mar-2017 10:02:12 Asia/Shanghai] check user okay
[16-Mar-2017 10:02:12 Asia/Shanghai] after allot
[16-Mar-2017 10:02:12 Asia/Shanghai] enter task
[16-Mar-2017 10:02:12 Asia/Shanghai] check user okay
[16-Mar-2017 10:02:12 Asia/Shanghai] after allot
[16-Mar-2017 10:02:13 Asia/Shanghai] enter task
[16-Mar-2017 10:02:13 Asia/Shanghai] check user okay
[16-Mar-2017 10:02:13 Asia/Shanghai] after allot
[16-Mar-2017 10:02:16 Asia/Shanghai] enter task
[16-Mar-2017 10:02:16 Asia/Shanghai] check user okay
[16-Mar-2017 10:02:16 Asia/Shanghai] after allot
[16-Mar-2017 10:02:17 Asia/Shanghai] enter task
[16-Mar-2017 10:02:17 Asia/Shanghai] check user okay
[16-Mar-2017 10:02:17 Asia/Shanghai] after allot
[16-Mar-2017 10:02:20 Asia/Shanghai] enter task
[16-Mar-2017 10:02:20 Asia/Shanghai] check user okay
[16-Mar-2017 10:02:20 Asia/Shanghai] after allot
[16-Mar-2017 10:02:22 Asia/Shanghai] enter task
[16-Mar-2017 10:02:22 Asia/Shanghai] check user okay
[16-Mar-2017 10:02:22 Asia/Shanghai] after allot
[16-Mar-2017 10:02:23 Asia/Shanghai] enter task
[16-Mar-2017 10:02:23 Asia/Shanghai] check user okay
[16-Mar-2017 10:02:23 Asia/Shanghai] after allot
[16-Mar-2017 10:02:23 Asia/Shanghai] enter task
[16-Mar-2017 10:02:23 Asia/Shanghai] check user okay
[16-Mar-2017 10:02:23 Asia/Shanghai] after allot
[16-Mar-2017 10:02:27 Asia/Shanghai] enter task
[16-Mar-2017 10:02:27 Asia/Shanghai] check user okay
[16-Mar-2017 10:02:27 Asia/Shanghai] after allot
[16-Mar-2017 10:02:29 Asia/Shanghai] enter task
[16-Mar-2017 10:02:29 Asia/Shanghai] check user okay
[16-Mar-2017 10:02:29 Asia/Shanghai] after allot
[16-Mar-2017 10:02:30 Asia/Shanghai] enter task
[16-Mar-2017 10:02:30 Asia/Shanghai] check user okay
[16-Mar-2017 10:02:30 Asia/Shanghai] after allot
[16-Mar-2017 10:02:32 Asia/Shanghai] enter task
[16-Mar-2017 10:02:32 Asia/Shanghai] check user okay
[16-Mar-2017 10:02:32 Asia/Shanghai] after allot
[16-Mar-2017 10:02:32 Asia/Shanghai] enter task
[16-Mar-2017 10:02:32 Asia/Shanghai] check user okay
[16-Mar-2017 10:02:32 Asia/Shanghai] after allot
[16-Mar-2017 10:02:32 Asia/Shanghai] enter task
[16-Mar-2017 10:02:32 Asia/Shanghai] check user okay
[16-Mar-2017 10:02:32 Asia/Shanghai] after allot
[16-Mar-2017 10:02:34 Asia/Shanghai] enter task
[16-Mar-2017 10:02:34 Asia/Shanghai] check user okay
[16-Mar-2017 10:02:34 Asia/Shanghai] after allot
[16-Mar-2017 10:02:34 Asia/Shanghai] enter task
[16-Mar-2017 10:02:34 Asia/Shanghai] check user okay
[16-Mar-2017 10:02:34 Asia/Shanghai] after allot
[16-Mar-2017 10:02:36 Asia/Shanghai] enter task
[16-Mar-2017 10:02:36 Asia/Shanghai] check user okay
[16-Mar-2017 10:02:36 Asia/Shanghai] after allot
[16-Mar-2017 10:02:37 Asia/Shanghai] enter task
[16-Mar-2017 10:02:37 Asia/Shanghai] check user okay
[16-Mar-2017 10:02:37 Asia/Shanghai] after allot
[16-Mar-2017 10:02:38 Asia/Shanghai] enter task
[16-Mar-2017 10:02:38 Asia/Shanghai] check user okay
[16-Mar-2017 10:02:38 Asia/Shanghai] after allot
[16-Mar-2017 10:02:41 Asia/Shanghai] enter task
[16-Mar-2017 10:02:41 Asia/Shanghai] check user okay
[16-Mar-2017 10:02:41 Asia/Shanghai] after allot
[16-Mar-2017 10:02:42 Asia/Shanghai] enter task
[16-Mar-2017 10:02:42 Asia/Shanghai] check user okay
[16-Mar-2017 10:02:42 Asia/Shanghai] after allot
[16-Mar-2017 10:02:43 Asia/Shanghai] enter task
[16-Mar-2017 10:02:43 Asia/Shanghai] check user okay
[16-Mar-2017 10:02:43 Asia/Shanghai] after allot
[16-Mar-2017 10:02:44 Asia/Shanghai] enter task
[16-Mar-2017 10:02:44 Asia/Shanghai] check user okay
[16-Mar-2017 10:02:44 Asia/Shanghai] after allot
[16-Mar-2017 10:02:45 Asia/Shanghai] enter task
[16-Mar-2017 10:02:45 Asia/Shanghai] check user okay
[16-Mar-2017 10:02:45 Asia/Shanghai] after allot
[16-Mar-2017 10:02:46 Asia/Shanghai] enter task
[16-Mar-2017 10:02:46 Asia/Shanghai] check user okay
[16-Mar-2017 10:02:46 Asia/Shanghai] after allot
[16-Mar-2017 10:02:47 Asia/Shanghai] enter task
[16-Mar-2017 10:02:47 Asia/Shanghai] check user okay
[16-Mar-2017 10:02:47 Asia/Shanghai] after allot
[16-Mar-2017 10:02:47 Asia/Shanghai] enter task
[16-Mar-2017 10:02:47 Asia/Shanghai] check user okay
[16-Mar-2017 10:02:47 Asia/Shanghai] after allot
[16-Mar-2017 10:02:48 Asia/Shanghai] enter task
[16-Mar-2017 10:02:48 Asia/Shanghai] check user okay
[16-Mar-2017 10:02:48 Asia/Shanghai] after allot
[16-Mar-2017 10:02:51 Asia/Shanghai] enter task
[16-Mar-2017 10:02:51 Asia/Shanghai] check user okay
[16-Mar-2017 10:02:51 Asia/Shanghai] after allot
[16-Mar-2017 10:02:53 Asia/Shanghai] enter task
[16-Mar-2017 10:02:53 Asia/Shanghai] check user okay
[16-Mar-2017 10:02:53 Asia/Shanghai] after allot
[16-Mar-2017 10:02:55 Asia/Shanghai] enter task
[16-Mar-2017 10:02:55 Asia/Shanghai] check user okay
[16-Mar-2017 10:02:55 Asia/Shanghai] after allot
[16-Mar-2017 10:02:57 Asia/Shanghai] enter task
[16-Mar-2017 10:02:57 Asia/Shanghai] check user okay
[16-Mar-2017 10:02:57 Asia/Shanghai] after allot
[16-Mar-2017 10:02:57 Asia/Shanghai] enter task
[16-Mar-2017 10:02:57 Asia/Shanghai] check user okay
[16-Mar-2017 10:02:57 Asia/Shanghai] after allot
[16-Mar-2017 10:02:57 Asia/Shanghai] enter task
[16-Mar-2017 10:02:57 Asia/Shanghai] check user okay
[16-Mar-2017 10:02:57 Asia/Shanghai] after allot
[16-Mar-2017 10:03:01 Asia/Shanghai] enter task
[16-Mar-2017 10:03:01 Asia/Shanghai] check user okay
[16-Mar-2017 10:03:01 Asia/Shanghai] after allot
[16-Mar-2017 10:03:01 Asia/Shanghai] enter task
[16-Mar-2017 10:03:01 Asia/Shanghai] check user okay
[16-Mar-2017 10:03:01 Asia/Shanghai] after allot
[16-Mar-2017 10:03:02 Asia/Shanghai] enter task
[16-Mar-2017 10:03:02 Asia/Shanghai] check user okay
[16-Mar-2017 10:03:02 Asia/Shanghai] after allot
[16-Mar-2017 10:03:04 Asia/Shanghai] enter task
[16-Mar-2017 10:03:04 Asia/Shanghai] check user okay
[16-Mar-2017 10:03:04 Asia/Shanghai] after allot
[16-Mar-2017 10:03:06 Asia/Shanghai] enter task
[16-Mar-2017 10:03:06 Asia/Shanghai] check user okay
[16-Mar-2017 10:03:06 Asia/Shanghai] after allot
[16-Mar-2017 10:03:06 Asia/Shanghai] enter task
[16-Mar-2017 10:03:06 Asia/Shanghai] check user okay
[16-Mar-2017 10:03:06 Asia/Shanghai] after allot
[16-Mar-2017 10:03:06 Asia/Shanghai] enter task
[16-Mar-2017 10:03:06 Asia/Shanghai] check user okay
[16-Mar-2017 10:03:06 Asia/Shanghai] after allot
[16-Mar-2017 10:03:09 Asia/Shanghai] enter task
[16-Mar-2017 10:03:09 Asia/Shanghai] check user okay
[16-Mar-2017 10:03:09 Asia/Shanghai] after allot
[16-Mar-2017 10:03:11 Asia/Shanghai] enter task
[16-Mar-2017 10:03:11 Asia/Shanghai] check user okay
[16-Mar-2017 10:03:11 Asia/Shanghai] after allot
[16-Mar-2017 10:03:15 Asia/Shanghai] enter task
[16-Mar-2017 10:03:15 Asia/Shanghai] check user okay
[16-Mar-2017 10:03:15 Asia/Shanghai] after allot
[16-Mar-2017 10:03:16 Asia/Shanghai] enter task
[16-Mar-2017 10:03:16 Asia/Shanghai] check user okay
[16-Mar-2017 10:03:16 Asia/Shanghai] after allot
[16-Mar-2017 10:03:16 Asia/Shanghai] enter task
[16-Mar-2017 10:03:16 Asia/Shanghai] check user okay
[16-Mar-2017 10:03:16 Asia/Shanghai] after allot
[16-Mar-2017 10:03:18 Asia/Shanghai] enter task
[16-Mar-2017 10:03:18 Asia/Shanghai] check user okay
[16-Mar-2017 10:03:18 Asia/Shanghai] after allot
[16-Mar-2017 10:03:20 Asia/Shanghai] enter task
[16-Mar-2017 10:03:20 Asia/Shanghai] check user okay
[16-Mar-2017 10:03:20 Asia/Shanghai] after allot
[16-Mar-2017 10:03:21 Asia/Shanghai] enter task
[16-Mar-2017 10:03:21 Asia/Shanghai] check user okay
[16-Mar-2017 10:03:21 Asia/Shanghai] after allot
[16-Mar-2017 10:03:22 Asia/Shanghai] enter task
[16-Mar-2017 10:03:22 Asia/Shanghai] check user okay
[16-Mar-2017 10:03:22 Asia/Shanghai] after allot
[16-Mar-2017 10:03:24 Asia/Shanghai] enter task
[16-Mar-2017 10:03:24 Asia/Shanghai] check user okay
[16-Mar-2017 10:03:24 Asia/Shanghai] after allot
[16-Mar-2017 10:03:25 Asia/Shanghai] enter task
[16-Mar-2017 10:03:25 Asia/Shanghai] check user okay
[16-Mar-2017 10:03:25 Asia/Shanghai] after allot
[16-Mar-2017 10:03:25 Asia/Shanghai] enter task
[16-Mar-2017 10:03:25 Asia/Shanghai] check user okay
[16-Mar-2017 10:03:25 Asia/Shanghai] after allot
[16-Mar-2017 10:03:27 Asia/Shanghai] enter task
[16-Mar-2017 10:03:27 Asia/Shanghai] check user okay
[16-Mar-2017 10:03:27 Asia/Shanghai] after allot
[16-Mar-2017 10:03:29 Asia/Shanghai] enter task
[16-Mar-2017 10:03:29 Asia/Shanghai] check user okay
[16-Mar-2017 10:03:29 Asia/Shanghai] after allot
[16-Mar-2017 10:03:30 Asia/Shanghai] enter task
[16-Mar-2017 10:03:30 Asia/Shanghai] check user okay
[16-Mar-2017 10:03:30 Asia/Shanghai] after allot
[16-Mar-2017 10:03:30 Asia/Shanghai] enter task
[16-Mar-2017 10:03:30 Asia/Shanghai] check user okay
[16-Mar-2017 10:03:30 Asia/Shanghai] after allot
[16-Mar-2017 10:03:30 Asia/Shanghai] enter task
[16-Mar-2017 10:03:30 Asia/Shanghai] check user okay
[16-Mar-2017 10:03:30 Asia/Shanghai] after allot
[16-Mar-2017 10:03:31 Asia/Shanghai] enter task
[16-Mar-2017 10:03:31 Asia/Shanghai] check user okay
[16-Mar-2017 10:03:31 Asia/Shanghai] after allot
[16-Mar-2017 10:03:34 Asia/Shanghai] enter task
[16-Mar-2017 10:03:34 Asia/Shanghai] check user okay
[16-Mar-2017 10:03:34 Asia/Shanghai] after allot
[16-Mar-2017 10:03:35 Asia/Shanghai] enter task
[16-Mar-2017 10:03:35 Asia/Shanghai] check user okay
[16-Mar-2017 10:03:35 Asia/Shanghai] after allot
[16-Mar-2017 10:03:35 Asia/Shanghai] enter task
[16-Mar-2017 10:03:35 Asia/Shanghai] check user okay
[16-Mar-2017 10:03:35 Asia/Shanghai] after allot
[16-Mar-2017 10:03:36 Asia/Shanghai] enter task
[16-Mar-2017 10:03:36 Asia/Shanghai] check user okay
[16-Mar-2017 10:03:36 Asia/Shanghai] after allot
[16-Mar-2017 10:03:38 Asia/Shanghai] enter task
[16-Mar-2017 10:03:38 Asia/Shanghai] check user okay
[16-Mar-2017 10:03:38 Asia/Shanghai] after allot
[16-Mar-2017 10:03:39 Asia/Shanghai] enter task
[16-Mar-2017 10:03:39 Asia/Shanghai] check user okay
[16-Mar-2017 10:03:39 Asia/Shanghai] after allot
[16-Mar-2017 10:03:39 Asia/Shanghai] enter task
[16-Mar-2017 10:03:39 Asia/Shanghai] check user okay
[16-Mar-2017 10:03:39 Asia/Shanghai] after allot
[16-Mar-2017 10:03:43 Asia/Shanghai] enter task
[16-Mar-2017 10:03:43 Asia/Shanghai] check user okay
[16-Mar-2017 10:03:43 Asia/Shanghai] after allot
[16-Mar-2017 10:03:45 Asia/Shanghai] enter task
[16-Mar-2017 10:03:45 Asia/Shanghai] check user okay
[16-Mar-2017 10:03:45 Asia/Shanghai] after allot
[16-Mar-2017 10:03:45 Asia/Shanghai] enter task
[16-Mar-2017 10:03:45 Asia/Shanghai] check user okay
[16-Mar-2017 10:03:45 Asia/Shanghai] after allot
[16-Mar-2017 10:03:48 Asia/Shanghai] enter task
[16-Mar-2017 10:03:48 Asia/Shanghai] check user okay
[16-Mar-2017 10:03:48 Asia/Shanghai] after allot
[16-Mar-2017 10:03:48 Asia/Shanghai] enter task
[16-Mar-2017 10:03:48 Asia/Shanghai] check user okay
[16-Mar-2017 10:03:48 Asia/Shanghai] after allot
[16-Mar-2017 10:03:49 Asia/Shanghai] enter task
[16-Mar-2017 10:03:49 Asia/Shanghai] check user okay
[16-Mar-2017 10:03:49 Asia/Shanghai] after allot
[16-Mar-2017 10:03:52 Asia/Shanghai] enter task
[16-Mar-2017 10:03:52 Asia/Shanghai] enter task
[16-Mar-2017 10:03:52 Asia/Shanghai] check user okay
[16-Mar-2017 10:03:52 Asia/Shanghai] check user okay
[16-Mar-2017 10:03:52 Asia/Shanghai] after allot
[16-Mar-2017 10:03:52 Asia/Shanghai] after allot
[16-Mar-2017 10:03:55 Asia/Shanghai] enter task
[16-Mar-2017 10:03:55 Asia/Shanghai] check user okay
[16-Mar-2017 10:03:55 Asia/Shanghai] after allot
[16-Mar-2017 10:03:56 Asia/Shanghai] enter task
[16-Mar-2017 10:03:57 Asia/Shanghai] check user okay
[16-Mar-2017 10:03:57 Asia/Shanghai] after allot
[16-Mar-2017 10:03:59 Asia/Shanghai] enter task
[16-Mar-2017 10:03:59 Asia/Shanghai] check user okay
[16-Mar-2017 10:03:59 Asia/Shanghai] after allot
[16-Mar-2017 10:03:59 Asia/Shanghai] enter task
[16-Mar-2017 10:03:59 Asia/Shanghai] check user okay
[16-Mar-2017 10:03:59 Asia/Shanghai] after allot
[16-Mar-2017 10:04:01 Asia/Shanghai] enter task
[16-Mar-2017 10:04:01 Asia/Shanghai] check user okay
[16-Mar-2017 10:04:01 Asia/Shanghai] after allot
[16-Mar-2017 10:04:02 Asia/Shanghai] enter task
[16-Mar-2017 10:04:02 Asia/Shanghai] check user okay
[16-Mar-2017 10:04:02 Asia/Shanghai] after allot
[16-Mar-2017 10:04:02 Asia/Shanghai] enter task
[16-Mar-2017 10:04:02 Asia/Shanghai] check user okay
[16-Mar-2017 10:04:02 Asia/Shanghai] after allot
[16-Mar-2017 10:04:03 Asia/Shanghai] enter task
[16-Mar-2017 10:04:03 Asia/Shanghai] check user okay
[16-Mar-2017 10:04:03 Asia/Shanghai] after allot
[16-Mar-2017 10:04:04 Asia/Shanghai] enter task
[16-Mar-2017 10:04:04 Asia/Shanghai] check user okay
[16-Mar-2017 10:04:04 Asia/Shanghai] after allot
[16-Mar-2017 10:04:06 Asia/Shanghai] enter task
[16-Mar-2017 10:04:06 Asia/Shanghai] check user okay
[16-Mar-2017 10:04:06 Asia/Shanghai] after allot
[16-Mar-2017 10:04:07 Asia/Shanghai] enter task
[16-Mar-2017 10:04:07 Asia/Shanghai] check user okay
[16-Mar-2017 10:04:07 Asia/Shanghai] after allot
[16-Mar-2017 10:04:08 Asia/Shanghai] enter task
[16-Mar-2017 10:04:08 Asia/Shanghai] check user okay
[16-Mar-2017 10:04:08 Asia/Shanghai] after allot
[16-Mar-2017 10:04:11 Asia/Shanghai] enter task
[16-Mar-2017 10:04:11 Asia/Shanghai] check user okay
[16-Mar-2017 10:04:11 Asia/Shanghai] after allot
[16-Mar-2017 10:04:11 Asia/Shanghai] enter task
[16-Mar-2017 10:04:11 Asia/Shanghai] check user okay
[16-Mar-2017 10:04:11 Asia/Shanghai] after allot
[16-Mar-2017 10:04:13 Asia/Shanghai] enter task
[16-Mar-2017 10:04:13 Asia/Shanghai] check user okay
[16-Mar-2017 10:04:13 Asia/Shanghai] after allot
[16-Mar-2017 10:04:13 Asia/Shanghai] enter task
[16-Mar-2017 10:04:13 Asia/Shanghai] check user okay
[16-Mar-2017 10:04:13 Asia/Shanghai] after allot
[16-Mar-2017 10:04:16 Asia/Shanghai] enter task
[16-Mar-2017 10:04:16 Asia/Shanghai] check user okay
[16-Mar-2017 10:04:16 Asia/Shanghai] after allot
[16-Mar-2017 10:04:16 Asia/Shanghai] enter task
[16-Mar-2017 10:04:16 Asia/Shanghai] check user okay
[16-Mar-2017 10:04:16 Asia/Shanghai] after allot
[16-Mar-2017 10:04:20 Asia/Shanghai] enter task
[16-Mar-2017 10:04:20 Asia/Shanghai] check user okay
[16-Mar-2017 10:04:20 Asia/Shanghai] after allot
[16-Mar-2017 10:04:21 Asia/Shanghai] enter task
[16-Mar-2017 10:04:21 Asia/Shanghai] check user okay
[16-Mar-2017 10:04:21 Asia/Shanghai] after allot
[16-Mar-2017 10:04:22 Asia/Shanghai] enter task
[16-Mar-2017 10:04:22 Asia/Shanghai] check user okay
[16-Mar-2017 10:04:22 Asia/Shanghai] after allot
[16-Mar-2017 10:04:23 Asia/Shanghai] enter task
[16-Mar-2017 10:04:23 Asia/Shanghai] check user okay
[16-Mar-2017 10:04:23 Asia/Shanghai] after allot
[16-Mar-2017 10:04:26 Asia/Shanghai] enter task
[16-Mar-2017 10:04:26 Asia/Shanghai] check user okay
[16-Mar-2017 10:04:26 Asia/Shanghai] after allot
[16-Mar-2017 10:04:27 Asia/Shanghai] enter task
[16-Mar-2017 10:04:27 Asia/Shanghai] check user okay
[16-Mar-2017 10:04:27 Asia/Shanghai] after allot
[16-Mar-2017 10:04:30 Asia/Shanghai] enter task
[16-Mar-2017 10:04:30 Asia/Shanghai] check user okay
[16-Mar-2017 10:04:30 Asia/Shanghai] after allot
[16-Mar-2017 10:04:30 Asia/Shanghai] enter task
[16-Mar-2017 10:04:30 Asia/Shanghai] check user okay
[16-Mar-2017 10:04:30 Asia/Shanghai] after allot
[16-Mar-2017 10:04:32 Asia/Shanghai] enter task
[16-Mar-2017 10:04:32 Asia/Shanghai] check user okay
[16-Mar-2017 10:04:32 Asia/Shanghai] after allot
[16-Mar-2017 10:04:33 Asia/Shanghai] enter task
[16-Mar-2017 10:04:33 Asia/Shanghai] check user okay
[16-Mar-2017 10:04:33 Asia/Shanghai] after allot
[16-Mar-2017 10:04:35 Asia/Shanghai] enter task
[16-Mar-2017 10:04:35 Asia/Shanghai] check user okay
[16-Mar-2017 10:04:35 Asia/Shanghai] after allot
[16-Mar-2017 10:04:36 Asia/Shanghai] enter task
[16-Mar-2017 10:04:36 Asia/Shanghai] check user okay
[16-Mar-2017 10:04:36 Asia/Shanghai] after allot
[16-Mar-2017 10:04:39 Asia/Shanghai] enter task
[16-Mar-2017 10:04:39 Asia/Shanghai] check user okay
[16-Mar-2017 10:04:39 Asia/Shanghai] after allot
[16-Mar-2017 10:04:40 Asia/Shanghai] enter task
[16-Mar-2017 10:04:40 Asia/Shanghai] check user okay
[16-Mar-2017 10:04:40 Asia/Shanghai] after allot
[16-Mar-2017 10:04:40 Asia/Shanghai] enter task
[16-Mar-2017 10:04:40 Asia/Shanghai] check user okay
[16-Mar-2017 10:04:40 Asia/Shanghai] after allot
[16-Mar-2017 10:04:41 Asia/Shanghai] enter task
[16-Mar-2017 10:04:41 Asia/Shanghai] check user okay
[16-Mar-2017 10:04:41 Asia/Shanghai] after allot
[16-Mar-2017 10:04:44 Asia/Shanghai] enter task
[16-Mar-2017 10:04:44 Asia/Shanghai] check user okay
[16-Mar-2017 10:04:44 Asia/Shanghai] after allot
[16-Mar-2017 10:04:44 Asia/Shanghai] enter task
[16-Mar-2017 10:04:44 Asia/Shanghai] check user okay
[16-Mar-2017 10:04:44 Asia/Shanghai] after allot
[16-Mar-2017 10:04:45 Asia/Shanghai] enter task
[16-Mar-2017 10:04:45 Asia/Shanghai] check user okay
[16-Mar-2017 10:04:45 Asia/Shanghai] after allot
[16-Mar-2017 10:04:46 Asia/Shanghai] enter task
[16-Mar-2017 10:04:46 Asia/Shanghai] check user okay
[16-Mar-2017 10:04:46 Asia/Shanghai] after allot
[16-Mar-2017 10:04:47 Asia/Shanghai] enter task
[16-Mar-2017 10:04:47 Asia/Shanghai] check user okay
[16-Mar-2017 10:04:47 Asia/Shanghai] after allot
[16-Mar-2017 10:04:49 Asia/Shanghai] enter task
[16-Mar-2017 10:04:49 Asia/Shanghai] check user okay
[16-Mar-2017 10:04:49 Asia/Shanghai] after allot
[16-Mar-2017 10:04:51 Asia/Shanghai] enter task
[16-Mar-2017 10:04:51 Asia/Shanghai] check user okay
[16-Mar-2017 10:04:51 Asia/Shanghai] after allot
[16-Mar-2017 10:04:53 Asia/Shanghai] enter task
[16-Mar-2017 10:04:53 Asia/Shanghai] check user okay
[16-Mar-2017 10:04:53 Asia/Shanghai] after allot
[16-Mar-2017 10:04:55 Asia/Shanghai] enter task
[16-Mar-2017 10:04:55 Asia/Shanghai] check user okay
[16-Mar-2017 10:04:55 Asia/Shanghai] after allot
[16-Mar-2017 10:04:57 Asia/Shanghai] enter task
[16-Mar-2017 10:04:57 Asia/Shanghai] check user okay
[16-Mar-2017 10:04:57 Asia/Shanghai] after allot
[16-Mar-2017 10:04:58 Asia/Shanghai] enter task
[16-Mar-2017 10:04:58 Asia/Shanghai] check user okay
[16-Mar-2017 10:04:58 Asia/Shanghai] after allot
[16-Mar-2017 10:04:59 Asia/Shanghai] enter task
[16-Mar-2017 10:04:59 Asia/Shanghai] check user okay
[16-Mar-2017 10:04:59 Asia/Shanghai] after allot
[16-Mar-2017 10:05:01 Asia/Shanghai] enter task
[16-Mar-2017 10:05:01 Asia/Shanghai] check user okay
[16-Mar-2017 10:05:01 Asia/Shanghai] after allot
[16-Mar-2017 10:05:01 Asia/Shanghai] enter task
[16-Mar-2017 10:05:01 Asia/Shanghai] check user okay
[16-Mar-2017 10:05:01 Asia/Shanghai] after allot
[16-Mar-2017 10:05:02 Asia/Shanghai] enter task
[16-Mar-2017 10:05:02 Asia/Shanghai] check user okay
[16-Mar-2017 10:05:02 Asia/Shanghai] after allot
[16-Mar-2017 10:05:05 Asia/Shanghai] enter task
[16-Mar-2017 10:05:05 Asia/Shanghai] check user okay
[16-Mar-2017 10:05:05 Asia/Shanghai] after allot
[16-Mar-2017 10:05:07 Asia/Shanghai] enter task
[16-Mar-2017 10:05:07 Asia/Shanghai] check user okay
[16-Mar-2017 10:05:07 Asia/Shanghai] after allot
[16-Mar-2017 10:05:09 Asia/Shanghai] enter task
[16-Mar-2017 10:05:09 Asia/Shanghai] check user okay
[16-Mar-2017 10:05:09 Asia/Shanghai] after allot
[16-Mar-2017 10:05:10 Asia/Shanghai] enter task
[16-Mar-2017 10:05:10 Asia/Shanghai] check user okay
[16-Mar-2017 10:05:10 Asia/Shanghai] after allot
[16-Mar-2017 10:05:11 Asia/Shanghai] enter task
[16-Mar-2017 10:05:11 Asia/Shanghai] check user okay
[16-Mar-2017 10:05:11 Asia/Shanghai] after allot
[16-Mar-2017 10:05:13 Asia/Shanghai] enter task
[16-Mar-2017 10:05:13 Asia/Shanghai] check user okay
[16-Mar-2017 10:05:13 Asia/Shanghai] after allot
[16-Mar-2017 10:05:14 Asia/Shanghai] enter task
[16-Mar-2017 10:05:14 Asia/Shanghai] check user okay
[16-Mar-2017 10:05:14 Asia/Shanghai] after allot
[16-Mar-2017 10:05:18 Asia/Shanghai] enter task
[16-Mar-2017 10:05:18 Asia/Shanghai] check user okay
[16-Mar-2017 10:05:18 Asia/Shanghai] after allot
[16-Mar-2017 10:05:19 Asia/Shanghai] enter task
[16-Mar-2017 10:05:19 Asia/Shanghai] check user okay
[16-Mar-2017 10:05:19 Asia/Shanghai] after allot
[16-Mar-2017 10:05:20 Asia/Shanghai] enter task
[16-Mar-2017 10:05:20 Asia/Shanghai] check user okay
[16-Mar-2017 10:05:20 Asia/Shanghai] after allot
[16-Mar-2017 10:05:21 Asia/Shanghai] enter task
[16-Mar-2017 10:05:21 Asia/Shanghai] check user okay
[16-Mar-2017 10:05:21 Asia/Shanghai] after allot
[16-Mar-2017 10:05:22 Asia/Shanghai] enter task
[16-Mar-2017 10:05:22 Asia/Shanghai] check user okay
[16-Mar-2017 10:05:22 Asia/Shanghai] after allot
[16-Mar-2017 10:05:23 Asia/Shanghai] enter task
[16-Mar-2017 10:05:23 Asia/Shanghai] check user okay
[16-Mar-2017 10:05:23 Asia/Shanghai] after allot
[16-Mar-2017 10:05:25 Asia/Shanghai] enter task
[16-Mar-2017 10:05:25 Asia/Shanghai] check user okay
[16-Mar-2017 10:05:25 Asia/Shanghai] after allot
[16-Mar-2017 10:05:26 Asia/Shanghai] enter task
[16-Mar-2017 10:05:26 Asia/Shanghai] check user okay
[16-Mar-2017 10:05:26 Asia/Shanghai] after allot
[16-Mar-2017 10:05:27 Asia/Shanghai] enter task
[16-Mar-2017 10:05:27 Asia/Shanghai] check user okay
[16-Mar-2017 10:05:27 Asia/Shanghai] after allot
[16-Mar-2017 10:05:28 Asia/Shanghai] enter task
[16-Mar-2017 10:05:28 Asia/Shanghai] check user okay
[16-Mar-2017 10:05:28 Asia/Shanghai] after allot
[16-Mar-2017 10:05:30 Asia/Shanghai] enter task
[16-Mar-2017 10:05:30 Asia/Shanghai] check user okay
[16-Mar-2017 10:05:30 Asia/Shanghai] after allot
[16-Mar-2017 10:05:30 Asia/Shanghai] enter task
[16-Mar-2017 10:05:30 Asia/Shanghai] check user okay
[16-Mar-2017 10:05:30 Asia/Shanghai] after allot
[16-Mar-2017 10:05:32 Asia/Shanghai] enter task
[16-Mar-2017 10:05:32 Asia/Shanghai] check user okay
[16-Mar-2017 10:05:32 Asia/Shanghai] after allot
[16-Mar-2017 10:05:33 Asia/Shanghai] enter task
[16-Mar-2017 10:05:33 Asia/Shanghai] check user okay
[16-Mar-2017 10:05:33 Asia/Shanghai] after allot
[16-Mar-2017 10:05:35 Asia/Shanghai] enter task
[16-Mar-2017 10:05:35 Asia/Shanghai] check user okay
[16-Mar-2017 10:05:35 Asia/Shanghai] after allot
[16-Mar-2017 10:05:37 Asia/Shanghai] enter task
[16-Mar-2017 10:05:37 Asia/Shanghai] check user okay
[16-Mar-2017 10:05:37 Asia/Shanghai] after allot
[16-Mar-2017 10:05:37 Asia/Shanghai] enter task
[16-Mar-2017 10:05:37 Asia/Shanghai] check user okay
[16-Mar-2017 10:05:37 Asia/Shanghai] after allot
[16-Mar-2017 10:05:38 Asia/Shanghai] enter task
[16-Mar-2017 10:05:38 Asia/Shanghai] check user okay
[16-Mar-2017 10:05:38 Asia/Shanghai] after allot
[16-Mar-2017 10:05:39 Asia/Shanghai] enter task
[16-Mar-2017 10:05:39 Asia/Shanghai] check user okay
[16-Mar-2017 10:05:39 Asia/Shanghai] after allot
[16-Mar-2017 10:05:39 Asia/Shanghai] enter task
[16-Mar-2017 10:05:39 Asia/Shanghai] check user okay
[16-Mar-2017 10:05:39 Asia/Shanghai] after allot
[16-Mar-2017 10:05:42 Asia/Shanghai] enter task
[16-Mar-2017 10:05:42 Asia/Shanghai] check user okay
[16-Mar-2017 10:05:42 Asia/Shanghai] after allot
[16-Mar-2017 10:05:42 Asia/Shanghai] enter task
[16-Mar-2017 10:05:42 Asia/Shanghai] check user okay
[16-Mar-2017 10:05:42 Asia/Shanghai] after allot
[16-Mar-2017 10:05:44 Asia/Shanghai] enter task
[16-Mar-2017 10:05:44 Asia/Shanghai] check user okay
[16-Mar-2017 10:05:44 Asia/Shanghai] after allot
[16-Mar-2017 10:05:44 Asia/Shanghai] enter task
[16-Mar-2017 10:05:44 Asia/Shanghai] check user okay
[16-Mar-2017 10:05:44 Asia/Shanghai] after allot
[16-Mar-2017 10:05:46 Asia/Shanghai] enter task
[16-Mar-2017 10:05:46 Asia/Shanghai] check user okay
[16-Mar-2017 10:05:46 Asia/Shanghai] after allot
[16-Mar-2017 10:05:47 Asia/Shanghai] enter task
[16-Mar-2017 10:05:47 Asia/Shanghai] check user okay
[16-Mar-2017 10:05:47 Asia/Shanghai] after allot
[16-Mar-2017 10:05:48 Asia/Shanghai] enter task
[16-Mar-2017 10:05:48 Asia/Shanghai] check user okay
[16-Mar-2017 10:05:48 Asia/Shanghai] after allot
[16-Mar-2017 10:05:49 Asia/Shanghai] enter task
[16-Mar-2017 10:05:49 Asia/Shanghai] check user okay
[16-Mar-2017 10:05:49 Asia/Shanghai] after allot
[16-Mar-2017 10:05:53 Asia/Shanghai] enter task
[16-Mar-2017 10:05:53 Asia/Shanghai] check user okay
[16-Mar-2017 10:05:53 Asia/Shanghai] after allot
[16-Mar-2017 10:05:53 Asia/Shanghai] enter task
[16-Mar-2017 10:05:53 Asia/Shanghai] check user okay
[16-Mar-2017 10:05:53 Asia/Shanghai] after allot
[16-Mar-2017 10:05:58 Asia/Shanghai] enter task
[16-Mar-2017 10:05:58 Asia/Shanghai] check user okay
[16-Mar-2017 10:05:58 Asia/Shanghai] after allot
[16-Mar-2017 10:05:58 Asia/Shanghai] enter task
[16-Mar-2017 10:05:58 Asia/Shanghai] check user okay
[16-Mar-2017 10:05:58 Asia/Shanghai] after allot
[16-Mar-2017 10:05:59 Asia/Shanghai] enter task
[16-Mar-2017 10:05:59 Asia/Shanghai] check user okay
[16-Mar-2017 10:05:59 Asia/Shanghai] after allot
[16-Mar-2017 10:05:59 Asia/Shanghai] enter task
[16-Mar-2017 10:05:59 Asia/Shanghai] check user okay
[16-Mar-2017 10:05:59 Asia/Shanghai] after allot
[16-Mar-2017 10:06:02 Asia/Shanghai] enter task
[16-Mar-2017 10:06:02 Asia/Shanghai] check user okay
[16-Mar-2017 10:06:02 Asia/Shanghai] after allot
[16-Mar-2017 10:06:03 Asia/Shanghai] enter task
[16-Mar-2017 10:06:03 Asia/Shanghai] check user okay
[16-Mar-2017 10:06:03 Asia/Shanghai] after allot
[16-Mar-2017 10:06:03 Asia/Shanghai] enter task
[16-Mar-2017 10:06:03 Asia/Shanghai] check user okay
[16-Mar-2017 10:06:03 Asia/Shanghai] after allot
[16-Mar-2017 10:06:07 Asia/Shanghai] enter task
[16-Mar-2017 10:06:07 Asia/Shanghai] check user okay
[16-Mar-2017 10:06:07 Asia/Shanghai] after allot
[16-Mar-2017 10:06:07 Asia/Shanghai] enter task
[16-Mar-2017 10:06:07 Asia/Shanghai] check user okay
[16-Mar-2017 10:06:07 Asia/Shanghai] after allot
[16-Mar-2017 10:06:08 Asia/Shanghai] enter task
[16-Mar-2017 10:06:08 Asia/Shanghai] check user okay
[16-Mar-2017 10:06:08 Asia/Shanghai] after allot
[16-Mar-2017 10:06:08 Asia/Shanghai] enter task
[16-Mar-2017 10:06:08 Asia/Shanghai] check user okay
[16-Mar-2017 10:06:08 Asia/Shanghai] after allot
[16-Mar-2017 10:06:10 Asia/Shanghai] enter task
[16-Mar-2017 10:06:10 Asia/Shanghai] check user okay
[16-Mar-2017 10:06:10 Asia/Shanghai] after allot
[16-Mar-2017 10:06:12 Asia/Shanghai] enter task
[16-Mar-2017 10:06:12 Asia/Shanghai] check user okay
[16-Mar-2017 10:06:12 Asia/Shanghai] after allot
[16-Mar-2017 10:06:13 Asia/Shanghai] enter task
[16-Mar-2017 10:06:13 Asia/Shanghai] check user okay
[16-Mar-2017 10:06:13 Asia/Shanghai] after allot
[16-Mar-2017 10:06:15 Asia/Shanghai] enter task
[16-Mar-2017 10:06:15 Asia/Shanghai] check user okay
[16-Mar-2017 10:06:15 Asia/Shanghai] after allot
[16-Mar-2017 10:06:16 Asia/Shanghai] enter task
[16-Mar-2017 10:06:16 Asia/Shanghai] check user okay
[16-Mar-2017 10:06:16 Asia/Shanghai] after allot
[16-Mar-2017 10:06:16 Asia/Shanghai] enter task
[16-Mar-2017 10:06:16 Asia/Shanghai] check user okay
[16-Mar-2017 10:06:16 Asia/Shanghai] after allot
[16-Mar-2017 10:06:20 Asia/Shanghai] enter task
[16-Mar-2017 10:06:20 Asia/Shanghai] check user okay
[16-Mar-2017 10:06:20 Asia/Shanghai] after allot
[16-Mar-2017 10:06:20 Asia/Shanghai] enter task
[16-Mar-2017 10:06:20 Asia/Shanghai] check user okay
[16-Mar-2017 10:06:20 Asia/Shanghai] after allot
[16-Mar-2017 10:06:21 Asia/Shanghai] enter task
[16-Mar-2017 10:06:21 Asia/Shanghai] check user okay
[16-Mar-2017 10:06:21 Asia/Shanghai] after allot
[16-Mar-2017 10:06:24 Asia/Shanghai] enter task
[16-Mar-2017 10:06:24 Asia/Shanghai] check user okay
[16-Mar-2017 10:06:24 Asia/Shanghai] after allot
[16-Mar-2017 10:06:24 Asia/Shanghai] enter task
[16-Mar-2017 10:06:24 Asia/Shanghai] check user okay
[16-Mar-2017 10:06:24 Asia/Shanghai] after allot
[16-Mar-2017 10:06:24 Asia/Shanghai] enter task
[16-Mar-2017 10:06:24 Asia/Shanghai] check user okay
[16-Mar-2017 10:06:24 Asia/Shanghai] after allot
[16-Mar-2017 10:06:26 Asia/Shanghai] enter task
[16-Mar-2017 10:06:26 Asia/Shanghai] check user okay
[16-Mar-2017 10:06:26 Asia/Shanghai] after allot
[16-Mar-2017 10:06:29 Asia/Shanghai] enter task
[16-Mar-2017 10:06:29 Asia/Shanghai] check user okay
[16-Mar-2017 10:06:29 Asia/Shanghai] after allot
[16-Mar-2017 10:06:29 Asia/Shanghai] enter task
[16-Mar-2017 10:06:29 Asia/Shanghai] check user okay
[16-Mar-2017 10:06:29 Asia/Shanghai] after allot
[16-Mar-2017 10:06:30 Asia/Shanghai] enter task
[16-Mar-2017 10:06:30 Asia/Shanghai] check user okay
[16-Mar-2017 10:06:30 Asia/Shanghai] after allot
[16-Mar-2017 10:06:30 Asia/Shanghai] enter task
[16-Mar-2017 10:06:30 Asia/Shanghai] check user okay
[16-Mar-2017 10:06:30 Asia/Shanghai] after allot
[16-Mar-2017 10:06:34 Asia/Shanghai] enter task
[16-Mar-2017 10:06:34 Asia/Shanghai] check user okay
[16-Mar-2017 10:06:34 Asia/Shanghai] after allot
[16-Mar-2017 10:06:34 Asia/Shanghai] enter task
[16-Mar-2017 10:06:34 Asia/Shanghai] check user okay
[16-Mar-2017 10:06:34 Asia/Shanghai] after allot
[16-Mar-2017 10:06:35 Asia/Shanghai] enter task
[16-Mar-2017 10:06:35 Asia/Shanghai] check user okay
[16-Mar-2017 10:06:35 Asia/Shanghai] after allot
[16-Mar-2017 10:06:36 Asia/Shanghai] enter task
[16-Mar-2017 10:06:36 Asia/Shanghai] check user okay
[16-Mar-2017 10:06:36 Asia/Shanghai] after allot
[16-Mar-2017 10:06:39 Asia/Shanghai] enter task
[16-Mar-2017 10:06:39 Asia/Shanghai] check user okay
[16-Mar-2017 10:06:39 Asia/Shanghai] after allot
[16-Mar-2017 10:06:40 Asia/Shanghai] enter task
[16-Mar-2017 10:06:40 Asia/Shanghai] check user okay
[16-Mar-2017 10:06:40 Asia/Shanghai] after allot
[16-Mar-2017 10:06:43 Asia/Shanghai] enter task
[16-Mar-2017 10:06:43 Asia/Shanghai] check user okay
[16-Mar-2017 10:06:43 Asia/Shanghai] after allot
[16-Mar-2017 10:06:44 Asia/Shanghai] enter task
[16-Mar-2017 10:06:44 Asia/Shanghai] check user okay
[16-Mar-2017 10:06:44 Asia/Shanghai] after allot
[16-Mar-2017 10:06:44 Asia/Shanghai] enter task
[16-Mar-2017 10:06:44 Asia/Shanghai] check user okay
[16-Mar-2017 10:06:44 Asia/Shanghai] after allot
[16-Mar-2017 10:06:46 Asia/Shanghai] enter task
[16-Mar-2017 10:06:46 Asia/Shanghai] check user okay
[16-Mar-2017 10:06:46 Asia/Shanghai] after allot
[16-Mar-2017 10:06:47 Asia/Shanghai] enter task
[16-Mar-2017 10:06:47 Asia/Shanghai] check user okay
[16-Mar-2017 10:06:47 Asia/Shanghai] after allot
[16-Mar-2017 10:06:49 Asia/Shanghai] enter task
[16-Mar-2017 10:06:49 Asia/Shanghai] check user okay
[16-Mar-2017 10:06:49 Asia/Shanghai] after allot
[16-Mar-2017 10:06:53 Asia/Shanghai] enter task
[16-Mar-2017 10:06:53 Asia/Shanghai] check user okay
[16-Mar-2017 10:06:53 Asia/Shanghai] after allot
[16-Mar-2017 10:06:53 Asia/Shanghai] enter task
[16-Mar-2017 10:06:53 Asia/Shanghai] check user okay
[16-Mar-2017 10:06:53 Asia/Shanghai] after allot
[16-Mar-2017 10:06:53 Asia/Shanghai] enter task
[16-Mar-2017 10:06:53 Asia/Shanghai] check user okay
[16-Mar-2017 10:06:53 Asia/Shanghai] after allot
[16-Mar-2017 10:06:57 Asia/Shanghai] enter task
[16-Mar-2017 10:06:57 Asia/Shanghai] check user okay
[16-Mar-2017 10:06:57 Asia/Shanghai] after allot
[16-Mar-2017 10:06:58 Asia/Shanghai] enter task
[16-Mar-2017 10:06:58 Asia/Shanghai] check user okay
[16-Mar-2017 10:06:58 Asia/Shanghai] after allot
[16-Mar-2017 10:06:59 Asia/Shanghai] enter task
[16-Mar-2017 10:06:59 Asia/Shanghai] check user okay
[16-Mar-2017 10:06:59 Asia/Shanghai] after allot
[16-Mar-2017 10:07:02 Asia/Shanghai] enter task
[16-Mar-2017 10:07:02 Asia/Shanghai] check user okay
[16-Mar-2017 10:07:02 Asia/Shanghai] after allot
[16-Mar-2017 10:07:03 Asia/Shanghai] enter task
[16-Mar-2017 10:07:03 Asia/Shanghai] check user okay
[16-Mar-2017 10:07:03 Asia/Shanghai] after allot
[16-Mar-2017 10:07:05 Asia/Shanghai] enter task
[16-Mar-2017 10:07:05 Asia/Shanghai] check user okay
[16-Mar-2017 10:07:05 Asia/Shanghai] after allot
[16-Mar-2017 10:07:07 Asia/Shanghai] enter task
[16-Mar-2017 10:07:07 Asia/Shanghai] check user okay
[16-Mar-2017 10:07:07 Asia/Shanghai] after allot
[16-Mar-2017 10:07:07 Asia/Shanghai] enter task
[16-Mar-2017 10:07:07 Asia/Shanghai] check user okay
[16-Mar-2017 10:07:07 Asia/Shanghai] after allot
[16-Mar-2017 10:07:09 Asia/Shanghai] enter task
[16-Mar-2017 10:07:09 Asia/Shanghai] check user okay
[16-Mar-2017 10:07:09 Asia/Shanghai] after allot
[16-Mar-2017 10:07:09 Asia/Shanghai] enter task
[16-Mar-2017 10:07:09 Asia/Shanghai] check user okay
[16-Mar-2017 10:07:09 Asia/Shanghai] after allot
[16-Mar-2017 10:07:11 Asia/Shanghai] enter task
[16-Mar-2017 10:07:11 Asia/Shanghai] check user okay
[16-Mar-2017 10:07:11 Asia/Shanghai] after allot
[16-Mar-2017 10:07:12 Asia/Shanghai] enter task
[16-Mar-2017 10:07:12 Asia/Shanghai] check user okay
[16-Mar-2017 10:07:12 Asia/Shanghai] after allot
[16-Mar-2017 10:07:12 Asia/Shanghai] enter task
[16-Mar-2017 10:07:12 Asia/Shanghai] check user okay
[16-Mar-2017 10:07:12 Asia/Shanghai] after allot
[16-Mar-2017 10:07:14 Asia/Shanghai] enter task
[16-Mar-2017 10:07:14 Asia/Shanghai] check user okay
[16-Mar-2017 10:07:14 Asia/Shanghai] after allot
